Sat May 23 15:56:10 Loaded file D:\PROGRAM FILES\ORCAD\LAYOUT_PLUS\LIBRARY\BCON100T.LLB
Sat May 23 15:56:11 Loaded file D:\PROGRAM FILES\ORCAD\LAYOUT_PLUS\LIBRARY\BCON156T.LLB
Sat May 23 15:56:11 Loaded file D:\PROGRAM FILES\ORCAD\LAYOUT_PLUS\LIBRARY\BGA.LLB
Sat May 23 15:56:11 Loaded file D:\PROGRAM FILES\ORCAD\LAYOUT_PLUS\LIBRARY\CLCC.LLB
Sat May 23 15:56:11 Loaded file D:\PROGRAM FILES\ORCAD\LAYOUT_PLUS\LIBRARY\DCON050T.LLB
Sat May 23 15:56:11 Loaded file D:\PROGRAM FILES\ORCAD\LAYOUT_PLUS\LIBRARY\DCON085T.LLB
Sat May 23 15:56:11 Loaded file D:\PROGRAM FILES\ORCAD\LAYOUT_PLUS\LIBRARY\DIMM050F.LLB
Sat May 23 15:56:11 Loaded file D:\PROGRAM FILES\ORCAD\LAYOUT_PLUS\LIBRARY\DIMM050T.LLB
Sat May 23 15:56:11 Loaded file D:\PROGRAM FILES\ORCAD\LAYOUT_PLUS\LIBRARY\DIN.LLB
Sat May 23 15:56:11 Loaded file D:\PROGRAM FILES\ORCAD\LAYOUT_PLUS\LIBRARY\DIP100B.LLB
Sat May 23 15:56:11 Loaded file D:\PROGRAM FILES\ORCAD\LAYOUT_PLUS\LIBRARY\DIP100T.LLB
Sat May 23 15:56:11 Loaded file D:\PROGRAM FILES\ORCAD\LAYOUT_PLUS\LIBRARY\DSUBT.LLB
Sat May 23 15:56:11 Loaded file D:\PROGRAM FILES\ORCAD\LAYOUT_PLUS\LIBRARY\DSUBT_HD.LLB
Sat May 23 15:56:11 Loaded file D:\PROGRAM FILES\ORCAD\LAYOUT_PLUS\LIBRARY\ECON100T.LLB
Sat May 23 15:56:11 Loaded file D:\PROGRAM FILES\ORCAD\LAYOUT_PLUS\LIBRARY\EMPTY.LLB
Sat May 23 15:56:11 Loaded file D:\PROGRAM FILES\ORCAD\LAYOUT_PLUS\LIBRARY\EX_GUI.LLB
Sat May 23 15:56:11 Loaded file D:\PROGRAM FILES\ORCAD\LAYOUT_PLUS\LIBRARY\FBUS.LLB
Sat May 23 15:56:11 Loaded file D:\PROGRAM FILES\ORCAD\LAYOUT_PLUS\LIBRARY\ISA.LLB
Sat May 23 15:56:11 Loaded file D:\PROGRAM FILES\ORCAD\LAYOUT_PLUS\LIBRARY\JUMPER.LLB
Sat May 23 15:56:11 Loaded file D:\PROGRAM FILES\ORCAD\LAYOUT_PLUS\LIBRARY\LAYOUT.LLB
Sat May 23 15:56:11 Loaded file D:\PROGRAM FILES\ORCAD\LAYOUT_PLUS\LIBRARY\LCON100T.LLB
Sat May 23 15:56:11 Loaded file D:\PROGRAM FILES\ORCAD\LAYOUT_PLUS\LIBRARY\METRIC.LLB
Sat May 23 15:56:12 Loaded file D:\PROGRAM FILES\ORCAD\LAYOUT_PLUS\LIBRARY\PADSTACK.LLB
Sat May 23 15:56:12 Loaded file D:\PROGRAM FILES\ORCAD\LAYOUT_PLUS\LIBRARY\PC104.LLB
Sat May 23 15:56:12 Loaded file D:\PROGRAM FILES\ORCAD\LAYOUT_PLUS\LIBRARY\PCI.LLB
Sat May 23 15:56:12 Loaded file D:\PROGRAM FILES\ORCAD\LAYOUT_PLUS\LIBRARY\PCON100T.LLB
Sat May 23 15:56:12 Loaded file D:\PROGRAM FILES\ORCAD\LAYOUT_PLUS\LIBRARY\PCON156T.LLB
Sat May 23 15:56:12 Loaded file D:\PROGRAM FILES\ORCAD\LAYOUT_PLUS\LIBRARY\PGA.LLB
Sat May 23 15:56:12 Loaded file D:\PROGRAM FILES\ORCAD\LAYOUT_PLUS\LIBRARY\PLCC.LLB
Sat May 23 15:56:12 Loaded file D:\PROGRAM FILES\ORCAD\LAYOUT_PLUS\LIBRARY\QUAD.LLB
Sat May 23 15:56:12 Loaded file D:\PROGRAM FILES\ORCAD\LAYOUT_PLUS\LIBRARY\QUADB.LLB
Sat May 23 15:56:12 Loaded file D:\PROGRAM FILES\ORCAD\LAYOUT_PLUS\LIBRARY\RELAY.LLB
Sat May 23 15:56:12 Loaded file D:\PROGRAM FILES\ORCAD\LAYOUT_PLUS\LIBRARY\RF.LLB
Sat May 23 15:56:12 Loaded file D:\PROGRAM FILES\ORCAD\LAYOUT_PLUS\LIBRARY\SBUS.LLB
Sat May 23 15:56:12 Loaded file D:\PROGRAM FILES\ORCAD\LAYOUT_PLUS\LIBRARY\SIMM050F.LLB
Sat May 23 15:56:12 Loaded file D:\PROGRAM FILES\ORCAD\LAYOUT_PLUS\LIBRARY\SIMM050T.LLB
Sat May 23 15:56:12 Loaded file D:\PROGRAM FILES\ORCAD\LAYOUT_PLUS\LIBRARY\SIMM100F.LLB
Sat May 23 15:56:12 Loaded file D:\PROGRAM FILES\ORCAD\LAYOUT_PLUS\LIBRARY\SIMM100T.LLB
Sat May 23 15:56:12 Loaded file D:\PROGRAM FILES\ORCAD\LAYOUT_PLUS\LIBRARY\SIP.LLB
Sat May 23 15:56:12 Loaded file D:\PROGRAM FILES\ORCAD\LAYOUT_PLUS\LIBRARY\SM.LLB
Sat May 23 15:56:12 Loaded file D:\PROGRAM FILES\ORCAD\LAYOUT_PLUS\LIBRARY\SOG.LLB
Sat May 23 15:56:12 Loaded file D:\PROGRAM FILES\ORCAD\LAYOUT_PLUS\LIBRARY\SOJ.LLB
Sat May 23 15:56:12 Loaded file D:\PROGRAM FILES\ORCAD\LAYOUT_PLUS\LIBRARY\STIFF.LLB
Sat May 23 15:56:12 Loaded file D:\PROGRAM FILES\ORCAD\LAYOUT_PLUS\LIBRARY\TELE.LLB
Sat May 23 15:56:12 Loaded file D:\PROGRAM FILES\ORCAD\LAYOUT_PLUS\LIBRARY\TM_AXIAL.LLB
Sat May 23 15:56:12 Loaded file D:\PROGRAM FILES\ORCAD\LAYOUT_PLUS\LIBRARY\TM_CAP_P.LLB
Sat May 23 15:56:12 Loaded file D:\PROGRAM FILES\ORCAD\LAYOUT_PLUS\LIBRARY\TM_CYLND.LLB
Sat May 23 15:56:12 Loaded file D:\PROGRAM FILES\ORCAD\LAYOUT_PLUS\LIBRARY\TM_DIODE.LLB
Sat May 23 15:56:12 Loaded file D:\PROGRAM FILES\ORCAD\LAYOUT_PLUS\LIBRARY\TM_DISC.LLB
Sat May 23 15:56:12 Loaded file D:\PROGRAM FILES\ORCAD\LAYOUT_PLUS\LIBRARY\TM_RAD.LLB
Sat May 23 15:56:12 Loaded file D:\PROGRAM FILES\ORCAD\LAYOUT_PLUS\LIBRARY\TO.LLB
Sat May 23 15:56:12 Loaded file D:\PROGRAM FILES\ORCAD\LAYOUT_PLUS\LIBRARY\TRAINING.LLB
Sat May 23 15:56:12 Loaded file D:\PROGRAM FILES\ORCAD\LAYOUT_PLUS\LIBRARY\VRES.LLB
Sat May 23 15:56:12 Loaded file D:\PROGRAM FILES\ORCAD\LAYOUT_PLUS\LIBRARY\WCON100T.LLB
Sat May 23 15:56:12 Loaded file D:\PROGRAM FILES\ORCAD\LAYOUT_PLUS\LIBRARY\XT.LLB
Sat May 23 15:56:13 Loaded file D:\PROGRAM FILES\ORCAD\LAYOUT_PLUS\LIBRARY\ZIGZAG.LLB
Mon Oct 17 00:55:20 Saved as file D:\AFILES\STUDENT\TEMP\APDU\PROJECT.MAX
Mon Oct 17 00:55:20 Saved as file BACKUP1.MAX
Mon Oct 17 00:55:20 Saved as file D:\AFILES\STUDENT\TEMP\APDU\PROJECT.MAX
Mon Oct 17 00:55:20 UserDiv from Layout.INI for AutoECO: 60
Mon Oct 17 00:55:20 Loaded file D:\AFILES\STUDENT\TEMP\APDU\PROJECT.MAX
Mon Oct 17 00:55:20 Loaded file D:\PROGRAMFILES86\ORCAD\LAYOUT_PLUS\library\BCON100T.llb
Mon Oct 17 00:55:20 Loaded file D:\PROGRAMFILES86\ORCAD\LAYOUT_PLUS\library\BCON156T.llb
Mon Oct 17 00:55:20 Loaded file D:\PROGRAMFILES86\ORCAD\LAYOUT_PLUS\library\BGA.llb
Mon Oct 17 00:55:20 Loaded file D:\PROGRAMFILES86\ORCAD\LAYOUT_PLUS\library\CLCC.llb
Mon Oct 17 00:55:20 Loaded file D:\PROGRAMFILES86\ORCAD\LAYOUT_PLUS\library\DCON050T.llb
Mon Oct 17 00:55:20 Loaded file D:\PROGRAMFILES86\ORCAD\LAYOUT_PLUS\library\DCON085T.llb
Mon Oct 17 00:55:20 Loaded file D:\PROGRAMFILES86\ORCAD\LAYOUT_PLUS\library\DIMM050F.llb
Mon Oct 17 00:55:20 Loaded file D:\PROGRAMFILES86\ORCAD\LAYOUT_PLUS\library\DIMM050T.llb
Mon Oct 17 00:55:20 Loaded file D:\PROGRAMFILES86\ORCAD\LAYOUT_PLUS\library\DIN.llb
Mon Oct 17 00:55:20 Loaded file D:\PROGRAMFILES86\ORCAD\LAYOUT_PLUS\library\DIP100B.llb
Mon Oct 17 00:55:20 Loaded file D:\PROGRAMFILES86\ORCAD\LAYOUT_PLUS\library\DIP100T.llb
Mon Oct 17 00:55:20 Loaded file D:\PROGRAMFILES86\ORCAD\LAYOUT_PLUS\library\DSUBT.llb
Mon Oct 17 00:55:20 Loaded file D:\PROGRAMFILES86\ORCAD\LAYOUT_PLUS\library\DSUBT_HD.LLB
Mon Oct 17 00:55:20 Loaded file D:\PROGRAMFILES86\ORCAD\LAYOUT_PLUS\library\ECON100T.llb
Mon Oct 17 00:55:20 Loaded file D:\PROGRAMFILES86\ORCAD\LAYOUT_PLUS\library\FBUS.llb
Mon Oct 17 00:55:20 Loaded file D:\PROGRAMFILES86\ORCAD\LAYOUT_PLUS\library\ISA.llb
Mon Oct 17 00:55:20 Loaded file D:\PROGRAMFILES86\ORCAD\LAYOUT_PLUS\library\JUMPER.LLB
Mon Oct 17 00:55:20 Loaded file D:\PROGRAMFILES86\ORCAD\LAYOUT_PLUS\library\LAYOUT.llb
Mon Oct 17 00:55:20 Loaded file D:\PROGRAMFILES86\ORCAD\LAYOUT_PLUS\library\LCON100T.llb
Mon Oct 17 00:55:20 Loaded file D:\PROGRAMFILES86\ORCAD\LAYOUT_PLUS\library\PC104.llb
Mon Oct 17 00:55:20 Loaded file D:\PROGRAMFILES86\ORCAD\LAYOUT_PLUS\library\PCI.llb
Mon Oct 17 00:55:20 Loaded file D:\PROGRAMFILES86\ORCAD\LAYOUT_PLUS\library\PCON100T.llb
Mon Oct 17 00:55:20 Loaded file D:\PROGRAMFILES86\ORCAD\LAYOUT_PLUS\library\PCON156T.llb
Mon Oct 17 00:55:20 Loaded file D:\PROGRAMFILES86\ORCAD\LAYOUT_PLUS\library\PGA.llb
Mon Oct 17 00:55:20 Loaded file D:\PROGRAMFILES86\ORCAD\LAYOUT_PLUS\library\PLCC.llb
Mon Oct 17 00:55:20 Loaded file D:\PROGRAMFILES86\ORCAD\LAYOUT_PLUS\library\QUAD.llb
Mon Oct 17 00:55:20 Loaded file D:\PROGRAMFILES86\ORCAD\LAYOUT_PLUS\library\QUADB.llb
Mon Oct 17 00:55:20 Loaded file D:\PROGRAMFILES86\ORCAD\LAYOUT_PLUS\library\RELAY.llb
Mon Oct 17 00:55:20 Loaded file D:\PROGRAMFILES86\ORCAD\LAYOUT_PLUS\library\RF.llb
Mon Oct 17 00:55:20 Loaded file D:\PROGRAMFILES86\ORCAD\LAYOUT_PLUS\library\SBUS.llb
Mon Oct 17 00:55:20 Loaded file D:\PROGRAMFILES86\ORCAD\LAYOUT_PLUS\library\SIMM050F.llb
Mon Oct 17 00:55:20 Loaded file D:\PROGRAMFILES86\ORCAD\LAYOUT_PLUS\library\SIMM050T.llb
Mon Oct 17 00:55:20 Loaded file D:\PROGRAMFILES86\ORCAD\LAYOUT_PLUS\library\SIMM100F.llb
Mon Oct 17 00:55:20 Loaded file D:\PROGRAMFILES86\ORCAD\LAYOUT_PLUS\library\SIMM100T.llb
Mon Oct 17 00:55:20 Loaded file D:\PROGRAMFILES86\ORCAD\LAYOUT_PLUS\library\SIP.llb
Mon Oct 17 00:55:20 Loaded file D:\PROGRAMFILES86\ORCAD\LAYOUT_PLUS\library\SM.llb
Mon Oct 17 00:55:20 Loaded file D:\PROGRAMFILES86\ORCAD\LAYOUT_PLUS\library\SOG.llb
Mon Oct 17 00:55:20 Loaded file D:\PROGRAMFILES86\ORCAD\LAYOUT_PLUS\library\SOJ.llb
Mon Oct 17 00:55:20 Loaded file D:\PROGRAMFILES86\ORCAD\LAYOUT_PLUS\library\STIFF.llb
Mon Oct 17 00:55:20 Loaded file D:\PROGRAMFILES86\ORCAD\LAYOUT_PLUS\library\TELE.llb
Mon Oct 17 00:55:20 Loaded file D:\PROGRAMFILES86\ORCAD\LAYOUT_PLUS\library\TM_AXIAL.llb
Mon Oct 17 00:55:20 Loaded file D:\PROGRAMFILES86\ORCAD\LAYOUT_PLUS\library\TM_CAP_P.llb
Mon Oct 17 00:55:20 Loaded file D:\PROGRAMFILES86\ORCAD\LAYOUT_PLUS\library\TM_CYLND.llb
Mon Oct 17 00:55:20 Loaded file D:\PROGRAMFILES86\ORCAD\LAYOUT_PLUS\library\TM_DIODE.llb
Mon Oct 17 00:55:20 Loaded file D:\PROGRAMFILES86\ORCAD\LAYOUT_PLUS\library\TM_DISC.llb
Mon Oct 17 00:55:20 Loaded file D:\PROGRAMFILES86\ORCAD\LAYOUT_PLUS\library\TM_RAD.llb
Mon Oct 17 00:55:20 Loaded file D:\PROGRAMFILES86\ORCAD\LAYOUT_PLUS\library\TO.llb
Mon Oct 17 00:55:20 Loaded file D:\PROGRAMFILES86\ORCAD\LAYOUT_PLUS\library\TRAINING.LLB
Mon Oct 17 00:55:20 Loaded file D:\PROGRAMFILES86\ORCAD\LAYOUT_PLUS\library\VRES.llb
Mon Oct 17 00:55:20 Loaded file D:\PROGRAMFILES86\ORCAD\LAYOUT_PLUS\library\WCON100T.llb
Mon Oct 17 00:55:20 Loaded file D:\PROGRAMFILES86\ORCAD\LAYOUT_PLUS\library\XT.llb
Mon Oct 17 00:55:20 Loaded file D:\PROGRAMFILES86\ORCAD\LAYOUT_PLUS\library\ZIGZAG.llb
Mon Oct 17 00:55:20 Loaded file D:\PROGRAMFILES86\ORCAD\LAYOUT_PLUS\library\TM_AXIAL.llb
Mon Oct 17 00:55:20 Loaded file D:\PROGRAMFILES86\ORCAD\LAYOUT_PLUS\library\TM_RAD.llb
Mon Oct 17 00:55:20 Loaded file D:\PROGRAMFILES86\ORCAD\LAYOUT_PLUS\library\DIP100T.llb
Mon Oct 17 00:55:20 Saved as file D:\AFILES\STUDENT\TEMP\APDU\PROJECT.MAX
Mon Oct 17 00:55:20 Loaded file D:\AFILES\STUDENT\TEMP\APDU\PROJECT.MAX
Mon Oct 17 00:55:48 Saved as file D:\AFILES\STUDENT\TEMP\APDU\PROJECT.MAX
Mon Oct 17 00:55:51 Saved as file D:\AFILES\STUDENT\TEMP\APDU\PROJECT.MAX
Mon Oct 17 01:05:39 Saved as file BACKUP1.MAX
Mon Oct 17 01:06:37 Loaded file d:\programfiles86\Orcad\Layout_Plus\data\template.imp
Mon Oct 17 01:06:37 Loaded file d:\programfiles86\Orcad\Layout_Plus\data\template.imp
Mon Oct 17 01:06:42 Loaded file D:\AFILES\STUDENT\TEMP\APDU\SOVIET.LLB
Mon Oct 17 01:06:44 Loaded file d:\programfiles86\Orcad\Layout_Plus\data\template.imp
Mon Oct 17 01:06:48 Loaded file d:\programfiles86\Orcad\Layout_Plus\data\template.imp
Mon Oct 17 01:06:51 Loaded file d:\programfiles86\Orcad\Layout_Plus\data\template.imp
Mon Oct 17 01:06:52 Loaded file d:\programfiles86\Orcad\Layout_Plus\data\template.imp
Mon Oct 17 01:06:53 Loaded file d:\programfiles86\Orcad\Layout_Plus\data\template.imp
Mon Oct 17 01:06:53 Loaded file d:\programfiles86\Orcad\Layout_Plus\data\template.imp
Mon Oct 17 01:06:54 Loaded file d:\programfiles86\Orcad\Layout_Plus\data\template.imp
Mon Oct 17 01:06:55 Loaded file d:\programfiles86\Orcad\Layout_Plus\data\template.imp
Mon Oct 17 01:08:28 Loaded file d:\programfiles86\Orcad\Layout_Plus\data\template.imp
Mon Oct 17 01:16:25 Loaded file d:\programfiles86\Orcad\Layout_Plus\data\template.imp
Mon Oct 17 01:16:27 Loaded file d:\programfiles86\Orcad\Layout_Plus\data\template.imp
Mon Oct 17 01:16:27 Loaded file d:\programfiles86\Orcad\Layout_Plus\data\template.imp
Mon Oct 17 01:24:12 Loaded file d:\programfiles86\Orcad\Layout_Plus\data\template.imp
Mon Oct 17 01:24:20 Loaded file D:\AFILES\STUDENT\TEMP\APDU\SOVIET.LLB
Mon Oct 17 01:24:21 Loaded file D:\AFILES\STUDENT\TEMP\APDU\SOVIET.LLB
Mon Oct 17 01:24:21 Loaded file d:\programfiles86\Orcad\Layout_Plus\library\BCON100T.llb
Mon Oct 17 01:24:23 Loaded file d:\programfiles86\Orcad\Layout_Plus\library\BCON156T.llb
Mon Oct 17 01:24:23 Loaded file d:\programfiles86\Orcad\Layout_Plus\library\BGA.llb
Mon Oct 17 01:24:23 Loaded file d:\programfiles86\Orcad\Layout_Plus\library\CLCC.llb
Mon Oct 17 01:24:24 Loaded file d:\programfiles86\Orcad\Layout_Plus\library\DCON050T.llb
Mon Oct 17 01:24:24 Loaded file d:\programfiles86\Orcad\Layout_Plus\library\DCON085T.llb
Mon Oct 17 01:24:25 Loaded file d:\programfiles86\Orcad\Layout_Plus\library\DIMM050F.llb
Mon Oct 17 01:24:25 Loaded file d:\programfiles86\Orcad\Layout_Plus\library\DIMM050T.llb
Mon Oct 17 01:24:26 Loaded file d:\programfiles86\Orcad\Layout_Plus\library\DIN.llb
Mon Oct 17 01:24:27 Loaded file d:\programfiles86\Orcad\Layout_Plus\library\DIMM050T.llb
Mon Oct 17 01:24:29 Loaded file d:\programfiles86\Orcad\Layout_Plus\library\DIN.llb
Mon Oct 17 01:24:29 Loaded file d:\programfiles86\Orcad\Layout_Plus\library\DIP100B.llb
Mon Oct 17 01:24:33 Loaded file d:\programfiles86\Orcad\Layout_Plus\library\DIP100T.llb
Mon Oct 17 01:24:35 Loaded file d:\programfiles86\Orcad\Layout_Plus\data\template.imp
Mon Oct 17 01:24:38 Loaded file d:\programfiles86\Orcad\Layout_Plus\library\DSUBT.llb
Mon Oct 17 01:24:40 Loaded file d:\programfiles86\Orcad\Layout_Plus\data\template.imp
Mon Oct 17 01:24:42 Loaded file d:\programfiles86\Orcad\Layout_Plus\data\template.imp
Mon Oct 17 01:24:43 Loaded file d:\programfiles86\Orcad\Layout_Plus\data\template.imp
Mon Oct 17 01:24:46 Loaded file d:\programfiles86\Orcad\Layout_Plus\library\DSUBT.llb
Mon Oct 17 01:24:47 Loaded file d:\programfiles86\Orcad\Layout_Plus\library\DIP100T.llb
Mon Oct 17 01:24:51 Loaded file d:\programfiles86\Orcad\Layout_Plus\data\template.imp
Mon Oct 17 01:24:59 Loaded file d:\programfiles86\Orcad\Layout_Plus\library\DIP100B.llb
Mon Oct 17 01:25:02 Loaded file d:\programfiles86\Orcad\Layout_Plus\data\template.imp
Mon Oct 17 01:25:08 Loaded file d:\programfiles86\Orcad\Layout_Plus\library\SIMM050T.llb
Mon Oct 17 01:25:09 Loaded file d:\programfiles86\Orcad\Layout_Plus\library\SIMM050F.llb
Mon Oct 17 01:25:12 Loaded file d:\programfiles86\Orcad\Layout_Plus\library\SBUS.llb
Mon Oct 17 01:25:13 Loaded file d:\programfiles86\Orcad\Layout_Plus\data\template.imp
Mon Oct 17 01:25:15 Loaded file d:\programfiles86\Orcad\Layout_Plus\library\SIMM050F.llb
Mon Oct 17 01:25:15 Loaded file d:\programfiles86\Orcad\Layout_Plus\data\template.imp
Mon Oct 17 01:25:18 Loaded file d:\programfiles86\Orcad\Layout_Plus\library\SIP.llb
Mon Oct 17 01:25:19 Loaded file d:\programfiles86\Orcad\Layout_Plus\data\template.imp
Mon Oct 17 01:25:21 Loaded file d:\programfiles86\Orcad\Layout_Plus\data\template.imp
Mon Oct 17 01:25:21 Loaded file d:\programfiles86\Orcad\Layout_Plus\data\template.imp
Mon Oct 17 01:25:22 Loaded file d:\programfiles86\Orcad\Layout_Plus\data\template.imp
Mon Oct 17 01:25:23 Loaded file d:\programfiles86\Orcad\Layout_Plus\data\template.imp
Mon Oct 17 01:25:25 Loaded file d:\programfiles86\Orcad\Layout_Plus\data\template.imp
Mon Oct 17 01:25:33 Loaded file d:\programfiles86\Orcad\Layout_Plus\data\template.imp
Mon Oct 17 01:25:34 Loaded file d:\programfiles86\Orcad\Layout_Plus\data\template.imp
Mon Oct 17 01:25:34 Loaded file d:\programfiles86\Orcad\Layout_Plus\data\template.imp
Mon Oct 17 01:25:35 Loaded file d:\programfiles86\Orcad\Layout_Plus\data\template.imp
Mon Oct 17 01:25:36 Loaded file d:\programfiles86\Orcad\Layout_Plus\data\template.imp
Mon Oct 17 01:25:37 Loaded file d:\programfiles86\Orcad\Layout_Plus\data\template.imp
Mon Oct 17 01:25:37 Loaded file d:\programfiles86\Orcad\Layout_Plus\data\template.imp
Mon Oct 17 01:25:38 Loaded file d:\programfiles86\Orcad\Layout_Plus\data\template.imp
Mon Oct 17 01:25:39 Loaded file d:\programfiles86\Orcad\Layout_Plus\data\template.imp
Mon Oct 17 01:25:39 Loaded file d:\programfiles86\Orcad\Layout_Plus\data\template.imp
Mon Oct 17 01:25:40 Loaded file d:\programfiles86\Orcad\Layout_Plus\data\template.imp
Mon Oct 17 01:25:41 Loaded file d:\programfiles86\Orcad\Layout_Plus\data\template.imp
Mon Oct 17 01:25:42 Loaded file d:\programfiles86\Orcad\Layout_Plus\data\template.imp
Mon Oct 17 01:25:43 Loaded file d:\programfiles86\Orcad\Layout_Plus\data\template.imp
Mon Oct 17 01:25:44 Loaded file d:\programfiles86\Orcad\Layout_Plus\data\template.imp
Mon Oct 17 01:25:46 Loaded file d:\programfiles86\Orcad\Layout_Plus\data\template.imp
Mon Oct 17 01:25:46 Loaded file d:\programfiles86\Orcad\Layout_Plus\data\template.imp
Mon Oct 17 01:25:47 Loaded file d:\programfiles86\Orcad\Layout_Plus\data\template.imp
Mon Oct 17 01:25:47 Loaded file d:\programfiles86\Orcad\Layout_Plus\data\template.imp
Mon Oct 17 01:25:48 Loaded file d:\programfiles86\Orcad\Layout_Plus\data\template.imp
Mon Oct 17 01:25:48 Loaded file d:\programfiles86\Orcad\Layout_Plus\data\template.imp
Mon Oct 17 01:25:48 Loaded file d:\programfiles86\Orcad\Layout_Plus\data\template.imp
Mon Oct 17 01:25:49 Loaded file d:\programfiles86\Orcad\Layout_Plus\data\template.imp
Mon Oct 17 01:25:50 Loaded file d:\programfiles86\Orcad\Layout_Plus\library\SM.llb
Mon Oct 17 01:25:51 Loaded file d:\programfiles86\Orcad\Layout_Plus\data\template.imp
Mon Oct 17 01:25:51 Loaded file d:\programfiles86\Orcad\Layout_Plus\data\template.imp
Mon Oct 17 01:25:52 Loaded file d:\programfiles86\Orcad\Layout_Plus\data\template.imp
Mon Oct 17 01:25:52 Loaded file d:\programfiles86\Orcad\Layout_Plus\data\template.imp
Mon Oct 17 01:25:52 Loaded file d:\programfiles86\Orcad\Layout_Plus\data\template.imp
Mon Oct 17 01:25:54 Loaded file d:\programfiles86\Orcad\Layout_Plus\data\template.imp
Mon Oct 17 01:25:55 Loaded file d:\programfiles86\Orcad\Layout_Plus\data\template.imp
Mon Oct 17 01:25:55 Loaded file d:\programfiles86\Orcad\Layout_Plus\data\template.imp
Mon Oct 17 01:25:56 Loaded file d:\programfiles86\Orcad\Layout_Plus\library\SOG.llb
Mon Oct 17 01:25:57 Loaded file d:\programfiles86\Orcad\Layout_Plus\data\template.imp
Mon Oct 17 01:25:58 Loaded file d:\programfiles86\Orcad\Layout_Plus\data\template.imp
Mon Oct 17 01:25:58 Loaded file d:\programfiles86\Orcad\Layout_Plus\data\template.imp
Mon Oct 17 01:25:59 Loaded file d:\programfiles86\Orcad\Layout_Plus\data\template.imp
Mon Oct 17 01:25:59 Loaded file d:\programfiles86\Orcad\Layout_Plus\data\template.imp
Mon Oct 17 01:26:01 Loaded file d:\programfiles86\Orcad\Layout_Plus\data\template.imp
Mon Oct 17 01:26:02 Loaded file d:\programfiles86\Orcad\Layout_Plus\data\template.imp
Mon Oct 17 01:26:03 Loaded file d:\programfiles86\Orcad\Layout_Plus\data\template.imp
Mon Oct 17 01:26:04 Loaded file d:\programfiles86\Orcad\Layout_Plus\data\template.imp
Mon Oct 17 01:26:05 Loaded file d:\programfiles86\Orcad\Layout_Plus\data\template.imp
Mon Oct 17 01:26:07 Loaded file d:\programfiles86\Orcad\Layout_Plus\library\SOJ.llb
Mon Oct 17 01:26:07 Loaded file d:\programfiles86\Orcad\Layout_Plus\data\template.imp
Mon Oct 17 01:26:08 Loaded file d:\programfiles86\Orcad\Layout_Plus\data\template.imp
Mon Oct 17 01:26:08 Loaded file d:\programfiles86\Orcad\Layout_Plus\data\template.imp
Mon Oct 17 01:30:06 Loaded file d:\programfiles86\Orcad\Layout_Plus\library\STIFF.llb
Mon Oct 17 01:30:07 Loaded file d:\programfiles86\Orcad\Layout_Plus\data\template.imp
Mon Oct 17 01:30:09 Loaded file d:\programfiles86\Orcad\Layout_Plus\library\TELE.llb
Mon Oct 17 01:30:10 Loaded file d:\programfiles86\Orcad\Layout_Plus\data\template.imp
Mon Oct 17 01:30:11 Loaded file d:\programfiles86\Orcad\Layout_Plus\data\template.imp
Mon Oct 17 03:11:26 Loaded file D:\AFILES\STUDENT\TEMP\APDU\SOVIET.LLB
Mon Oct 17 03:11:28 Loaded file d:\programfiles86\Orcad\Layout_Plus\data\template.imp
Mon Oct 17 03:12:00 Loaded file d:\programfiles86\Orcad\Layout_Plus\data\template.imp
Mon Oct 17 05:02:09 Loaded file d:\programfiles86\Orcad\Layout_Plus\data\template.imp
Mon Oct 17 05:02:09 Loaded file d:\programfiles86\Orcad\Layout_Plus\data\template.imp
Mon Oct 17 05:02:10 Loaded file d:\programfiles86\Orcad\Layout_Plus\data\template.imp
Mon Oct 17 05:02:10 Loaded file d:\programfiles86\Orcad\Layout_Plus\data\template.imp
Mon Oct 17 05:02:16 Loaded file d:\programfiles86\Orcad\Layout_Plus\data\template.imp
Mon Oct 17 05:02:19 Loaded file d:\programfiles86\Orcad\Layout_Plus\data\template.imp
Mon Oct 17 05:02:20 Loaded file d:\programfiles86\Orcad\Layout_Plus\data\template.imp
Mon Oct 31 05:31:29 Loaded file d:\programfiles86\Orcad\Layout_Plus\data\template.imp
Mon Oct 31 05:31:29 Loaded file d:\programfiles86\Orcad\Layout_Plus\data\template.imp
Mon Oct 31 05:31:31 Loaded file D:\AFILES\STUDENT\TEMP\APDU\SOVIET.LLB
Mon Oct 31 05:31:32 Loaded file d:\programfiles86\Orcad\Layout_Plus\data\template.imp
Mon Oct 31 05:31:33 Loaded file d:\programfiles86\Orcad\Layout_Plus\data\template.imp
Mon Oct 31 05:31:33 Loaded file d:\programfiles86\Orcad\Layout_Plus\data\template.imp
Mon Oct 31 05:31:49 Loaded file d:\programfiles86\Orcad\Layout_Plus\data\template.imp
Mon Oct 31 05:31:50 Loaded file d:\programfiles86\Orcad\Layout_Plus\data\template.imp
Mon Oct 31 05:31:51 Loaded file d:\programfiles86\Orcad\Layout_Plus\data\template.imp
Mon Oct 31 05:31:55 Loaded file d:\programfiles86\Orcad\Layout_Plus\data\template.imp
Mon Oct 31 05:31:56 Loaded file d:\programfiles86\Orcad\Layout_Plus\data\template.imp
Mon Oct 31 05:31:57 Loaded file d:\programfiles86\Orcad\Layout_Plus\data\template.imp
Mon Oct 31 05:31:58 Loaded file d:\programfiles86\Orcad\Layout_Plus\data\template.imp
Mon Oct 31 05:31:58 Loaded file d:\programfiles86\Orcad\Layout_Plus\data\template.imp
Mon Oct 31 05:51:18 Saved as file D:\AFILES\STUDENT\TEMP\APDU\PROJECT.MAX
Mon Oct 31 05:51:18 Saved as file BACKUP1.MAX
Mon Oct 31 05:51:18 Saved as file D:\AFILES\STUDENT\TEMP\APDU\PROJECT.MAX
Mon Oct 31 05:51:18 UserDiv from Layout.INI for AutoECO: 60
Mon Oct 31 05:51:18 Loaded file D:\AFILES\STUDENT\TEMP\APDU\PROJECT.MAX
Mon Oct 31 05:51:18 Loaded file D:\AFILES\STUDENT\TEMP\APDU\SOVIET.LLB
Mon Oct 31 05:51:18 Loaded file d:\programfiles86\Orcad\Layout_Plus\library\BCON100T.llb
Mon Oct 31 05:51:18 Loaded file d:\programfiles86\Orcad\Layout_Plus\library\BCON156T.llb
Mon Oct 31 05:51:18 Loaded file d:\programfiles86\Orcad\Layout_Plus\library\BGA.llb
Mon Oct 31 05:51:18 Loaded file d:\programfiles86\Orcad\Layout_Plus\library\CLCC.llb
Mon Oct 31 05:51:18 Loaded file d:\programfiles86\Orcad\Layout_Plus\library\DCON050T.llb
Mon Oct 31 05:51:18 Loaded file d:\programfiles86\Orcad\Layout_Plus\library\DCON085T.llb
Mon Oct 31 05:51:18 Loaded file d:\programfiles86\Orcad\Layout_Plus\library\DIMM050F.llb
Mon Oct 31 05:51:18 Loaded file d:\programfiles86\Orcad\Layout_Plus\library\DIMM050T.llb
Mon Oct 31 05:51:18 Loaded file d:\programfiles86\Orcad\Layout_Plus\library\DIN.llb
Mon Oct 31 05:51:18 Loaded file d:\programfiles86\Orcad\Layout_Plus\library\DIP100B.llb
Mon Oct 31 05:51:18 Loaded file d:\programfiles86\Orcad\Layout_Plus\library\DIP100T.llb
Mon Oct 31 05:51:18 Loaded file d:\programfiles86\Orcad\Layout_Plus\library\DSUBT.llb
Mon Oct 31 05:51:18 Loaded file d:\programfiles86\Orcad\Layout_Plus\library\DSUBT_HD.LLB
Mon Oct 31 05:51:18 Loaded file d:\programfiles86\Orcad\Layout_Plus\library\ECON100T.llb
Mon Oct 31 05:51:18 Loaded file d:\programfiles86\Orcad\Layout_Plus\library\FBUS.llb
Mon Oct 31 05:51:18 Loaded file d:\programfiles86\Orcad\Layout_Plus\library\ISA.llb
Mon Oct 31 05:51:18 Loaded file d:\programfiles86\Orcad\Layout_Plus\library\JUMPER.LLB
Mon Oct 31 05:51:18 Loaded file d:\programfiles86\Orcad\Layout_Plus\library\LAYOUT.llb
Mon Oct 31 05:51:18 Loaded file d:\programfiles86\Orcad\Layout_Plus\library\LCON100T.llb
Mon Oct 31 05:51:18 Loaded file d:\programfiles86\Orcad\Layout_Plus\library\PC104.llb
Mon Oct 31 05:51:18 Loaded file d:\programfiles86\Orcad\Layout_Plus\library\PCI.llb
Mon Oct 31 05:51:18 Loaded file d:\programfiles86\Orcad\Layout_Plus\library\PCON100T.llb
Mon Oct 31 05:51:18 Loaded file d:\programfiles86\Orcad\Layout_Plus\library\PCON156T.llb
Mon Oct 31 05:51:18 Loaded file d:\programfiles86\Orcad\Layout_Plus\library\PGA.llb
Mon Oct 31 05:51:18 Loaded file d:\programfiles86\Orcad\Layout_Plus\library\PLCC.llb
Mon Oct 31 05:51:18 Loaded file d:\programfiles86\Orcad\Layout_Plus\library\QUAD.llb
Mon Oct 31 05:51:18 Loaded file d:\programfiles86\Orcad\Layout_Plus\library\QUADB.llb
Mon Oct 31 05:51:18 Loaded file d:\programfiles86\Orcad\Layout_Plus\library\RELAY.llb
Mon Oct 31 05:51:18 Loaded file d:\programfiles86\Orcad\Layout_Plus\library\RF.llb
Mon Oct 31 05:51:18 Loaded file d:\programfiles86\Orcad\Layout_Plus\library\SBUS.llb
Mon Oct 31 05:51:18 Loaded file d:\programfiles86\Orcad\Layout_Plus\library\SIMM050F.llb
Mon Oct 31 05:51:18 Loaded file d:\programfiles86\Orcad\Layout_Plus\library\SIMM050T.llb
Mon Oct 31 05:51:18 Loaded file d:\programfiles86\Orcad\Layout_Plus\library\SIMM100F.llb
Mon Oct 31 05:51:18 Loaded file d:\programfiles86\Orcad\Layout_Plus\library\SIMM100T.llb
Mon Oct 31 05:51:18 Loaded file d:\programfiles86\Orcad\Layout_Plus\library\SIP.llb
Mon Oct 31 05:51:18 Loaded file d:\programfiles86\Orcad\Layout_Plus\library\SM.llb
Mon Oct 31 05:51:18 Loaded file d:\programfiles86\Orcad\Layout_Plus\library\SOG.llb
Mon Oct 31 05:51:18 Loaded file d:\programfiles86\Orcad\Layout_Plus\library\SOJ.llb
Mon Oct 31 05:51:18 Loaded file d:\programfiles86\Orcad\Layout_Plus\library\STIFF.llb
Mon Oct 31 05:51:18 Loaded file d:\programfiles86\Orcad\Layout_Plus\library\TELE.llb
Mon Oct 31 05:51:18 Loaded file d:\programfiles86\Orcad\Layout_Plus\library\TM_AXIAL.llb
Mon Oct 31 05:51:18 Loaded file d:\programfiles86\Orcad\Layout_Plus\library\TM_CAP_P.llb
Mon Oct 31 05:51:18 Loaded file d:\programfiles86\Orcad\Layout_Plus\library\TM_CYLND.llb
Mon Oct 31 05:51:18 Loaded file d:\programfiles86\Orcad\Layout_Plus\library\TM_DIODE.llb
Mon Oct 31 05:51:18 Loaded file d:\programfiles86\Orcad\Layout_Plus\library\TM_DISC.llb
Mon Oct 31 05:51:18 Loaded file d:\programfiles86\Orcad\Layout_Plus\library\TM_RAD.llb
Mon Oct 31 05:51:18 Loaded file d:\programfiles86\Orcad\Layout_Plus\library\TO.llb
Mon Oct 31 05:51:18 Loaded file d:\programfiles86\Orcad\Layout_Plus\library\TRAINING.LLB
Mon Oct 31 05:51:18 Loaded file d:\programfiles86\Orcad\Layout_Plus\library\VRES.llb
Mon Oct 31 05:51:18 Loaded file d:\programfiles86\Orcad\Layout_Plus\library\WCON100T.llb
Mon Oct 31 05:51:18 Loaded file d:\programfiles86\Orcad\Layout_Plus\library\XT.llb
Mon Oct 31 05:51:18 Loaded file d:\programfiles86\Orcad\Layout_Plus\library\ZIGZAG.llb
Mon Oct 31 05:51:18 Loaded file d:\programfiles86\Orcad\Layout_Plus\library\TM_AXIAL.llb
Mon Oct 31 05:51:18 Loaded file d:\programfiles86\Orcad\Layout_Plus\library\TM_RAD.llb
Mon Oct 31 05:51:18 Loaded file d:\programfiles86\Orcad\Layout_Plus\library\DIP100T.llb
Mon Oct 31 05:51:18 Saved as file D:\AFILES\STUDENT\TEMP\APDU\PROJECT.MAX
Mon Oct 31 05:51:18 Loaded file D:\AFILES\STUDENT\TEMP\APDU\PROJECT.MAX
Mon Oct 31 05:56:08 Saved as file D:\AFILES\STUDENT\TEMP\APDU\PROJECT.MAX
Mon Oct 31 05:56:08 Saved as file BACKUP1.MAX
Mon Oct 31 05:56:08 Saved as file D:\AFILES\STUDENT\TEMP\APDU\PROJECT.MAX
Mon Oct 31 05:56:08 UserDiv from Layout.INI for AutoECO: 60
Mon Oct 31 05:56:08 Loaded file D:\AFILES\STUDENT\TEMP\APDU\PROJECT.MAX
Mon Oct 31 05:56:08 Loaded file D:\AFILES\STUDENT\TEMP\APDU\SOVIET.LLB
Mon Oct 31 05:56:08 Loaded file d:\programfiles86\Orcad\Layout_Plus\library\BCON100T.llb
Mon Oct 31 05:56:08 Loaded file d:\programfiles86\Orcad\Layout_Plus\library\BCON156T.llb
Mon Oct 31 05:56:08 Loaded file d:\programfiles86\Orcad\Layout_Plus\library\BGA.llb
Mon Oct 31 05:56:08 Loaded file d:\programfiles86\Orcad\Layout_Plus\library\CLCC.llb
Mon Oct 31 05:56:08 Loaded file d:\programfiles86\Orcad\Layout_Plus\library\DCON050T.llb
Mon Oct 31 05:56:08 Loaded file d:\programfiles86\Orcad\Layout_Plus\library\DCON085T.llb
Mon Oct 31 05:56:08 Loaded file d:\programfiles86\Orcad\Layout_Plus\library\DIMM050F.llb
Mon Oct 31 05:56:08 Loaded file d:\programfiles86\Orcad\Layout_Plus\library\DIMM050T.llb
Mon Oct 31 05:56:08 Loaded file d:\programfiles86\Orcad\Layout_Plus\library\DIN.llb
Mon Oct 31 05:56:08 Loaded file d:\programfiles86\Orcad\Layout_Plus\library\DIP100B.llb
Mon Oct 31 05:56:08 Loaded file d:\programfiles86\Orcad\Layout_Plus\library\DIP100T.llb
Mon Oct 31 05:56:08 Loaded file d:\programfiles86\Orcad\Layout_Plus\library\DSUBT.llb
Mon Oct 31 05:56:08 Loaded file d:\programfiles86\Orcad\Layout_Plus\library\DSUBT_HD.LLB
Mon Oct 31 05:56:08 Loaded file d:\programfiles86\Orcad\Layout_Plus\library\ECON100T.llb
Mon Oct 31 05:56:08 Loaded file d:\programfiles86\Orcad\Layout_Plus\library\FBUS.llb
Mon Oct 31 05:56:08 Loaded file d:\programfiles86\Orcad\Layout_Plus\library\ISA.llb
Mon Oct 31 05:56:08 Loaded file d:\programfiles86\Orcad\Layout_Plus\library\JUMPER.LLB
Mon Oct 31 05:56:08 Loaded file d:\programfiles86\Orcad\Layout_Plus\library\LAYOUT.llb
Mon Oct 31 05:56:08 Loaded file d:\programfiles86\Orcad\Layout_Plus\library\LCON100T.llb
Mon Oct 31 05:56:08 Loaded file d:\programfiles86\Orcad\Layout_Plus\library\PC104.llb
Mon Oct 31 05:56:08 Loaded file d:\programfiles86\Orcad\Layout_Plus\library\PCI.llb
Mon Oct 31 05:56:08 Loaded file d:\programfiles86\Orcad\Layout_Plus\library\PCON100T.llb
Mon Oct 31 05:56:08 Loaded file d:\programfiles86\Orcad\Layout_Plus\library\PCON156T.llb
Mon Oct 31 05:56:08 Loaded file d:\programfiles86\Orcad\Layout_Plus\library\PGA.llb
Mon Oct 31 05:56:08 Loaded file d:\programfiles86\Orcad\Layout_Plus\library\PLCC.llb
Mon Oct 31 05:56:08 Loaded file d:\programfiles86\Orcad\Layout_Plus\library\QUAD.llb
Mon Oct 31 05:56:08 Loaded file d:\programfiles86\Orcad\Layout_Plus\library\QUADB.llb
Mon Oct 31 05:56:08 Loaded file d:\programfiles86\Orcad\Layout_Plus\library\RELAY.llb
Mon Oct 31 05:56:08 Loaded file d:\programfiles86\Orcad\Layout_Plus\library\RF.llb
Mon Oct 31 05:56:08 Loaded file d:\programfiles86\Orcad\Layout_Plus\library\SBUS.llb
Mon Oct 31 05:56:08 Loaded file d:\programfiles86\Orcad\Layout_Plus\library\SIMM050F.llb
Mon Oct 31 05:56:08 Loaded file d:\programfiles86\Orcad\Layout_Plus\library\SIMM050T.llb
Mon Oct 31 05:56:08 Loaded file d:\programfiles86\Orcad\Layout_Plus\library\SIMM100F.llb
Mon Oct 31 05:56:08 Loaded file d:\programfiles86\Orcad\Layout_Plus\library\SIMM100T.llb
Mon Oct 31 05:56:08 Loaded file d:\programfiles86\Orcad\Layout_Plus\library\SIP.llb
Mon Oct 31 05:56:08 Loaded file d:\programfiles86\Orcad\Layout_Plus\library\SM.llb
Mon Oct 31 05:56:08 Loaded file d:\programfiles86\Orcad\Layout_Plus\library\SOG.llb
Mon Oct 31 05:56:08 Loaded file d:\programfiles86\Orcad\Layout_Plus\library\SOJ.llb
Mon Oct 31 05:56:08 Loaded file d:\programfiles86\Orcad\Layout_Plus\library\STIFF.llb
Mon Oct 31 05:56:08 Loaded file d:\programfiles86\Orcad\Layout_Plus\library\TELE.llb
Mon Oct 31 05:56:08 Loaded file d:\programfiles86\Orcad\Layout_Plus\library\TM_AXIAL.llb
Mon Oct 31 05:56:08 Loaded file d:\programfiles86\Orcad\Layout_Plus\library\TM_CAP_P.llb
Mon Oct 31 05:56:08 Loaded file d:\programfiles86\Orcad\Layout_Plus\library\TM_CYLND.llb
Mon Oct 31 05:56:08 Loaded file d:\programfiles86\Orcad\Layout_Plus\library\TM_DIODE.llb
Mon Oct 31 05:56:08 Loaded file d:\programfiles86\Orcad\Layout_Plus\library\TM_DISC.llb
Mon Oct 31 05:56:08 Loaded file d:\programfiles86\Orcad\Layout_Plus\library\TM_RAD.llb
Mon Oct 31 05:56:08 Loaded file d:\programfiles86\Orcad\Layout_Plus\library\TO.llb
Mon Oct 31 05:56:08 Loaded file d:\programfiles86\Orcad\Layout_Plus\library\TRAINING.LLB
Mon Oct 31 05:56:08 Loaded file d:\programfiles86\Orcad\Layout_Plus\library\VRES.llb
Mon Oct 31 05:56:08 Loaded file d:\programfiles86\Orcad\Layout_Plus\library\WCON100T.llb
Mon Oct 31 05:56:08 Loaded file d:\programfiles86\Orcad\Layout_Plus\library\XT.llb
Mon Oct 31 05:56:08 Loaded file d:\programfiles86\Orcad\Layout_Plus\library\ZIGZAG.llb
Mon Oct 31 05:56:08 Loaded file d:\programfiles86\Orcad\Layout_Plus\library\TM_AXIAL.llb
Mon Oct 31 05:56:08 Loaded file d:\programfiles86\Orcad\Layout_Plus\library\TM_RAD.llb
Mon Oct 31 05:56:08 Loaded file d:\programfiles86\Orcad\Layout_Plus\library\DIP100T.llb
Mon Oct 31 05:56:08 Saved as file D:\AFILES\STUDENT\TEMP\APDU\PROJECT.MAX
Mon Oct 31 05:56:08 Loaded file D:\AFILES\STUDENT\TEMP\APDU\PROJECT.MAX
Mon Oct 31 05:56:19 Loaded file d:\programfiles86\Orcad\Layout_Plus\data\template.imp
Mon Oct 31 05:56:19 Loaded file d:\programfiles86\Orcad\Layout_Plus\data\template.imp
Mon Oct 31 05:58:20 Loaded file d:\programfiles86\Orcad\Layout_Plus\data\template.imp
Mon Oct 31 05:58:20 Loaded file d:\programfiles86\Orcad\Layout_Plus\data\template.imp
Mon Oct 31 05:58:22 Loaded file d:\programfiles86\Orcad\Layout_Plus\library\BCON100T.llb
Mon Oct 31 05:58:25 Loaded file d:\programfiles86\Orcad\Layout_Plus\library\DIP100T.llb
Mon Oct 31 05:58:26 Loaded file d:\programfiles86\Orcad\Layout_Plus\library\DIP100B.llb
Mon Oct 31 05:58:40 Loaded file d:\programfiles86\Orcad\Layout_Plus\data\template.imp
Mon Oct 31 05:58:40 Loaded file d:\programfiles86\Orcad\Layout_Plus\data\template.imp
Mon Oct 31 05:58:43 Loaded file d:\programfiles86\Orcad\Layout_Plus\library\DIP100B.llb
Mon Oct 31 05:58:47 Loaded file d:\programfiles86\Orcad\Layout_Plus\data\template.imp
Mon Oct 31 05:58:55 Loaded file D:\AFILES\STUDENT\TEMP\APDU\SOVIET.LLB
Mon Oct 31 05:58:56 Loaded file d:\programfiles86\Orcad\Layout_Plus\data\template.imp
Mon Oct 31 06:03:25 Loaded file d:\programfiles86\Orcad\Layout_Plus\library\TO.llb
Mon Oct 31 06:03:26 Loaded file d:\programfiles86\Orcad\Layout_Plus\data\template.imp
Mon Oct 31 06:03:27 Loaded file d:\programfiles86\Orcad\Layout_Plus\data\template.imp
Mon Oct 31 06:03:28 Loaded file d:\programfiles86\Orcad\Layout_Plus\data\template.imp
Mon Oct 31 06:03:28 Loaded file d:\programfiles86\Orcad\Layout_Plus\data\template.imp
Mon Oct 31 06:03:28 Loaded file d:\programfiles86\Orcad\Layout_Plus\data\template.imp
Mon Oct 31 06:03:28 Loaded file d:\programfiles86\Orcad\Layout_Plus\data\template.imp
Mon Oct 31 06:03:29 Loaded file d:\programfiles86\Orcad\Layout_Plus\data\template.imp
Mon Oct 31 06:03:29 Loaded file d:\programfiles86\Orcad\Layout_Plus\data\template.imp
Mon Oct 31 06:03:29 Loaded file d:\programfiles86\Orcad\Layout_Plus\data\template.imp
Mon Oct 31 06:03:29 Loaded file d:\programfiles86\Orcad\Layout_Plus\data\template.imp
Mon Oct 31 06:03:29 Loaded file d:\programfiles86\Orcad\Layout_Plus\data\template.imp
Mon Oct 31 06:03:29 Loaded file d:\programfiles86\Orcad\Layout_Plus\data\template.imp
Mon Oct 31 06:03:30 Loaded file d:\programfiles86\Orcad\Layout_Plus\data\template.imp
Mon Oct 31 06:03:30 Loaded file d:\programfiles86\Orcad\Layout_Plus\data\template.imp
Mon Oct 31 06:03:30 Loaded file d:\programfiles86\Orcad\Layout_Plus\data\template.imp
Mon Oct 31 06:03:30 Loaded file d:\programfiles86\Orcad\Layout_Plus\data\template.imp
Mon Oct 31 06:03:30 Loaded file d:\programfiles86\Orcad\Layout_Plus\data\template.imp
Mon Oct 31 06:03:31 Loaded file d:\programfiles86\Orcad\Layout_Plus\data\template.imp
Mon Oct 31 06:03:31 Loaded file d:\programfiles86\Orcad\Layout_Plus\data\template.imp
Mon Oct 31 06:03:31 Loaded file d:\programfiles86\Orcad\Layout_Plus\data\template.imp
Mon Oct 31 06:03:31 Loaded file d:\programfiles86\Orcad\Layout_Plus\data\template.imp
Mon Oct 31 06:03:31 Loaded file d:\programfiles86\Orcad\Layout_Plus\data\template.imp
Mon Oct 31 06:03:31 Loaded file d:\programfiles86\Orcad\Layout_Plus\data\template.imp
Mon Oct 31 06:03:31 Loaded file d:\programfiles86\Orcad\Layout_Plus\data\template.imp
Mon Oct 31 06:03:32 Loaded file d:\programfiles86\Orcad\Layout_Plus\data\template.imp
Mon Oct 31 06:03:32 Loaded file d:\programfiles86\Orcad\Layout_Plus\data\template.imp
Mon Oct 31 06:03:32 Loaded file d:\programfiles86\Orcad\Layout_Plus\data\template.imp
Mon Oct 31 06:03:32 Loaded file d:\programfiles86\Orcad\Layout_Plus\data\template.imp
Mon Oct 31 06:03:32 Loaded file d:\programfiles86\Orcad\Layout_Plus\data\template.imp
Mon Oct 31 06:03:33 Loaded file d:\programfiles86\Orcad\Layout_Plus\data\template.imp
Mon Oct 31 06:03:33 Loaded file d:\programfiles86\Orcad\Layout_Plus\data\template.imp
Mon Oct 31 06:03:33 Loaded file d:\programfiles86\Orcad\Layout_Plus\data\template.imp
Mon Oct 31 06:03:33 Loaded file d:\programfiles86\Orcad\Layout_Plus\data\template.imp
Mon Oct 31 06:03:34 Loaded file d:\programfiles86\Orcad\Layout_Plus\data\template.imp
Mon Oct 31 06:03:34 Loaded file d:\programfiles86\Orcad\Layout_Plus\data\template.imp
Mon Oct 31 06:03:34 Loaded file d:\programfiles86\Orcad\Layout_Plus\data\template.imp
Mon Oct 31 06:03:34 Loaded file d:\programfiles86\Orcad\Layout_Plus\data\template.imp
Mon Oct 31 06:03:35 Loaded file d:\programfiles86\Orcad\Layout_Plus\data\template.imp
Mon Oct 31 06:03:35 Loaded file d:\programfiles86\Orcad\Layout_Plus\data\template.imp
Mon Oct 31 06:03:35 Loaded file d:\programfiles86\Orcad\Layout_Plus\data\template.imp
Mon Oct 31 06:03:35 Loaded file d:\programfiles86\Orcad\Layout_Plus\data\template.imp
Mon Oct 31 06:03:35 Loaded file d:\programfiles86\Orcad\Layout_Plus\data\template.imp
Mon Oct 31 06:03:35 Loaded file d:\programfiles86\Orcad\Layout_Plus\data\template.imp
Mon Oct 31 06:03:36 Loaded file d:\programfiles86\Orcad\Layout_Plus\data\template.imp
Mon Oct 31 06:03:36 Loaded file d:\programfiles86\Orcad\Layout_Plus\data\template.imp
Mon Oct 31 06:03:36 Loaded file d:\programfiles86\Orcad\Layout_Plus\data\template.imp
Mon Oct 31 06:03:36 Loaded file d:\programfiles86\Orcad\Layout_Plus\data\template.imp
Mon Oct 31 06:03:36 Loaded file d:\programfiles86\Orcad\Layout_Plus\data\template.imp
Mon Oct 31 06:03:37 Loaded file d:\programfiles86\Orcad\Layout_Plus\data\template.imp
Mon Oct 31 06:03:37 Loaded file d:\programfiles86\Orcad\Layout_Plus\data\template.imp
Mon Oct 31 06:03:37 Loaded file d:\programfiles86\Orcad\Layout_Plus\data\template.imp
Mon Oct 31 06:03:37 Loaded file d:\programfiles86\Orcad\Layout_Plus\data\template.imp
Mon Oct 31 06:03:37 Loaded file d:\programfiles86\Orcad\Layout_Plus\data\template.imp
Mon Oct 31 06:03:37 Loaded file d:\programfiles86\Orcad\Layout_Plus\data\template.imp
Mon Oct 31 06:03:38 Loaded file d:\programfiles86\Orcad\Layout_Plus\data\template.imp
Mon Oct 31 06:03:38 Loaded file d:\programfiles86\Orcad\Layout_Plus\data\template.imp
Mon Oct 31 06:03:38 Loaded file d:\programfiles86\Orcad\Layout_Plus\data\template.imp
Mon Oct 31 06:03:38 Loaded file d:\programfiles86\Orcad\Layout_Plus\data\template.imp
Mon Oct 31 06:03:38 Loaded file d:\programfiles86\Orcad\Layout_Plus\data\template.imp
Mon Oct 31 06:03:38 Loaded file d:\programfiles86\Orcad\Layout_Plus\data\template.imp
Mon Oct 31 06:03:39 Loaded file d:\programfiles86\Orcad\Layout_Plus\data\template.imp
Mon Oct 31 06:03:39 Loaded file d:\programfiles86\Orcad\Layout_Plus\data\template.imp
Mon Oct 31 06:03:39 Loaded file d:\programfiles86\Orcad\Layout_Plus\data\template.imp
Mon Oct 31 06:03:39 Loaded file d:\programfiles86\Orcad\Layout_Plus\data\template.imp
Mon Oct 31 06:03:40 Loaded file d:\programfiles86\Orcad\Layout_Plus\data\template.imp
Mon Oct 31 06:03:40 Loaded file d:\programfiles86\Orcad\Layout_Plus\data\template.imp
Mon Oct 31 06:03:40 Loaded file d:\programfiles86\Orcad\Layout_Plus\data\template.imp
Mon Oct 31 06:03:40 Loaded file d:\programfiles86\Orcad\Layout_Plus\data\template.imp
Mon Oct 31 06:03:40 Loaded file d:\programfiles86\Orcad\Layout_Plus\data\template.imp
Mon Oct 31 06:03:41 Loaded file d:\programfiles86\Orcad\Layout_Plus\data\template.imp
Mon Oct 31 06:03:41 Loaded file d:\programfiles86\Orcad\Layout_Plus\data\template.imp
Mon Oct 31 06:03:41 Loaded file d:\programfiles86\Orcad\Layout_Plus\data\template.imp
Mon Oct 31 06:03:42 Loaded file d:\programfiles86\Orcad\Layout_Plus\data\template.imp
Mon Oct 31 06:03:42 Loaded file d:\programfiles86\Orcad\Layout_Plus\data\template.imp
Mon Oct 31 06:03:42 Loaded file d:\programfiles86\Orcad\Layout_Plus\data\template.imp
Mon Oct 31 06:03:42 Loaded file d:\programfiles86\Orcad\Layout_Plus\data\template.imp
Mon Oct 31 06:03:42 Loaded file d:\programfiles86\Orcad\Layout_Plus\data\template.imp
Mon Oct 31 06:03:43 Loaded file d:\programfiles86\Orcad\Layout_Plus\data\template.imp
Mon Oct 31 06:03:43 Loaded file d:\programfiles86\Orcad\Layout_Plus\data\template.imp
Mon Oct 31 06:03:43 Loaded file d:\programfiles86\Orcad\Layout_Plus\data\template.imp
Mon Oct 31 06:03:43 Loaded file d:\programfiles86\Orcad\Layout_Plus\data\template.imp
Mon Oct 31 06:03:43 Loaded file d:\programfiles86\Orcad\Layout_Plus\data\template.imp
Mon Oct 31 06:03:43 Loaded file d:\programfiles86\Orcad\Layout_Plus\data\template.imp
Mon Oct 31 06:03:43 Loaded file d:\programfiles86\Orcad\Layout_Plus\data\template.imp
Mon Oct 31 06:03:44 Loaded file d:\programfiles86\Orcad\Layout_Plus\data\template.imp
Mon Oct 31 06:03:44 Loaded file d:\programfiles86\Orcad\Layout_Plus\data\template.imp
Mon Oct 31 06:03:44 Loaded file d:\programfiles86\Orcad\Layout_Plus\data\template.imp
Mon Oct 31 06:03:44 Loaded file d:\programfiles86\Orcad\Layout_Plus\data\template.imp
Mon Oct 31 06:03:44 Loaded file d:\programfiles86\Orcad\Layout_Plus\data\template.imp
Mon Oct 31 06:03:44 Loaded file d:\programfiles86\Orcad\Layout_Plus\data\template.imp
Mon Oct 31 06:03:44 Loaded file d:\programfiles86\Orcad\Layout_Plus\data\template.imp
Mon Oct 31 06:03:44 Loaded file d:\programfiles86\Orcad\Layout_Plus\data\template.imp
Mon Oct 31 06:03:44 Loaded file d:\programfiles86\Orcad\Layout_Plus\data\template.imp
Mon Oct 31 06:03:44 Loaded file d:\programfiles86\Orcad\Layout_Plus\data\template.imp
Mon Oct 31 06:03:44 Loaded file d:\programfiles86\Orcad\Layout_Plus\data\template.imp
Mon Oct 31 06:03:44 Loaded file d:\programfiles86\Orcad\Layout_Plus\data\template.imp
Mon Oct 31 06:03:44 Loaded file d:\programfiles86\Orcad\Layout_Plus\data\template.imp
Mon Oct 31 06:03:44 Loaded file d:\programfiles86\Orcad\Layout_Plus\data\template.imp
Mon Oct 31 06:03:44 Loaded file d:\programfiles86\Orcad\Layout_Plus\data\template.imp
Mon Oct 31 06:03:44 Loaded file d:\programfiles86\Orcad\Layout_Plus\data\template.imp
Mon Oct 31 06:03:44 Loaded file d:\programfiles86\Orcad\Layout_Plus\data\template.imp
Mon Oct 31 06:03:44 Loaded file d:\programfiles86\Orcad\Layout_Plus\data\template.imp
Mon Oct 31 06:03:45 Loaded file d:\programfiles86\Orcad\Layout_Plus\data\template.imp
Mon Oct 31 06:03:45 Loaded file d:\programfiles86\Orcad\Layout_Plus\data\template.imp
Mon Oct 31 06:04:26 Loaded file D:\AFILES\STUDENT\TEMP\APDU\SOVIET.LLB
Mon Oct 31 06:05:22 Loaded file d:\programfiles86\Orcad\Layout_Plus\data\template.imp
Mon Oct 31 06:05:23 Loaded file d:\programfiles86\Orcad\Layout_Plus\data\template.imp
Mon Oct 31 06:05:58 Loaded file d:\programfiles86\Orcad\Layout_Plus\library\padstack.llb
Mon Oct 31 06:12:13 Saved as file BACKUP1.MAX
Mon Oct 31 06:12:42 Loaded file d:\programfiles86\Orcad\Layout_Plus\data\template.imp
Mon Oct 31 06:12:42 Loaded file d:\programfiles86\Orcad\Layout_Plus\data\template.imp
Mon Oct 31 06:12:44 Loaded file D:\AFILES\STUDENT\TEMP\APDU\SOVIET.LLB
Mon Oct 31 06:12:44 Loaded file d:\programfiles86\Orcad\Layout_Plus\data\template.imp
Mon Oct 31 06:24:37 Loaded file d:\programfiles86\Orcad\Layout_Plus\library\padstack.llb
Mon Oct 31 06:24:45 Loaded file d:\programfiles86\Orcad\Layout_Plus\library\padstack.llb
Mon Oct 31 06:24:51 Loaded file d:\programfiles86\Orcad\Layout_Plus\library\padstack.llb
Mon Oct 31 06:25:03 Loaded file d:\programfiles86\Orcad\Layout_Plus\library\padstack.llb
Mon Oct 31 06:25:09 Loaded file d:\programfiles86\Orcad\Layout_Plus\library\padstack.llb
Mon Oct 31 06:25:14 Loaded file d:\programfiles86\Orcad\Layout_Plus\library\padstack.llb
Mon Oct 31 06:25:18 Loaded file d:\programfiles86\Orcad\Layout_Plus\library\padstack.llb
Mon Oct 31 06:25:22 Loaded file d:\programfiles86\Orcad\Layout_Plus\library\padstack.llb
Mon Oct 31 06:25:30 Loaded file d:\programfiles86\Orcad\Layout_Plus\library\padstack.llb
Mon Oct 31 06:25:40 Loaded file d:\programfiles86\Orcad\Layout_Plus\library\padstack.llb
Mon Oct 31 06:25:53 Loaded file d:\programfiles86\Orcad\Layout_Plus\library\BCON100T.llb
Mon Oct 31 06:26:04 Loaded file d:\programfiles86\Orcad\Layout_Plus\library\padstack.llb
Mon Oct 31 06:26:15 Loaded file d:\programfiles86\Orcad\Layout_Plus\library\padstack.llb
Mon Oct 31 06:26:23 Loaded file d:\programfiles86\Orcad\Layout_Plus\library\padstack.llb
Mon Oct 31 06:26:43 Loaded file d:\programfiles86\Orcad\Layout_Plus\library\padstack.llb
Mon Oct 31 06:26:52 Loaded file d:\programfiles86\Orcad\Layout_Plus\library\padstack.llb
Mon Oct 31 06:27:03 Loaded file d:\programfiles86\Orcad\Layout_Plus\library\padstack.llb
Mon Oct 31 06:27:10 Loaded file d:\programfiles86\Orcad\Layout_Plus\library\padstack.llb
Mon Oct 31 06:27:15 Loaded file d:\programfiles86\Orcad\Layout_Plus\library\padstack.llb
Mon Oct 31 06:27:24 Loaded file d:\programfiles86\Orcad\Layout_Plus\library\padstack.llb
Mon Oct 31 06:28:00 Loaded file d:\programfiles86\Orcad\Layout_Plus\library\padstack.llb
Mon Oct 31 06:28:09 Loaded file D:\AFILES\STUDENT\TEMP\APDU\SOVIET.LLB
Mon Oct 31 06:28:12 Loaded file d:\programfiles86\Orcad\Layout_Plus\data\template.imp
Mon Oct 31 06:28:54 Loaded file D:\AFILES\STUDENT\TEMP\APDU\SOVIET.LLB
Mon Oct 31 06:28:54 Saved as file D:\AFILES\STUDENT\TEMP\APDU\SOVIET.LLB
Mon Oct 31 06:28:54 Loaded file d:\programfiles86\Orcad\Layout_Plus\data\template.imp
Mon Oct 31 06:28:55 Loaded file d:\programfiles86\Orcad\Layout_Plus\data\template.imp
Mon Oct 31 06:29:27 Loaded file d:\programfiles86\Orcad\Layout_Plus\library\padstack.llb
Mon Oct 31 06:30:41 Loaded file D:\AFILES\STUDENT\TEMP\APDU\SOVIET.LLB
Mon Oct 31 06:30:41 Saved as file D:\AFILES\STUDENT\TEMP\APDU\SOVIET.LLB
Mon Oct 31 06:30:41 Loaded file d:\programfiles86\Orcad\Layout_Plus\data\template.imp
Mon Oct 31 06:30:42 Loaded file d:\programfiles86\Orcad\Layout_Plus\data\template.imp
Mon Oct 31 06:33:09 Loaded file D:\AFILES\STUDENT\TEMP\APDU\SOVIET.LLB
Mon Oct 31 06:33:09 Saved as file D:\AFILES\STUDENT\TEMP\APDU\SOVIET.LLB
Mon Oct 31 06:33:09 Loaded file d:\programfiles86\Orcad\Layout_Plus\data\template.imp
Mon Oct 31 06:33:10 Loaded file d:\programfiles86\Orcad\Layout_Plus\data\template.imp
Mon Oct 31 06:35:07 Loaded file d:\programfiles86\Orcad\Layout_Plus\data\template.imp
Mon Oct 31 06:35:08 Loaded file d:\programfiles86\Orcad\Layout_Plus\data\template.imp
Mon Oct 31 06:35:18 Loaded file D:\AFILES\STUDENT\TEMP\APDU\SOVIET.LLB
Mon Oct 31 06:35:18 Saved as file D:\AFILES\STUDENT\TEMP\APDU\SOVIET.LLB
Mon Oct 31 06:35:19 Loaded file d:\programfiles86\Orcad\Layout_Plus\data\template.imp
Mon Oct 31 06:35:20 Loaded file d:\programfiles86\Orcad\Layout_Plus\data\template.imp
Mon Oct 31 06:37:04 Loaded file D:\AFILES\STUDENT\TEMP\APDU\SOVIET.LLB
Mon Oct 31 06:37:04 Saved as file D:\AFILES\STUDENT\TEMP\APDU\SOVIET.LLB
Mon Oct 31 06:37:04 Loaded file d:\programfiles86\Orcad\Layout_Plus\data\template.imp
Mon Oct 31 06:37:05 Loaded file d:\programfiles86\Orcad\Layout_Plus\data\template.imp
Mon Oct 31 06:38:57 Loaded file D:\AFILES\STUDENT\TEMP\APDU\SOVIET.LLB
Mon Oct 31 06:38:57 Saved as file D:\AFILES\STUDENT\TEMP\APDU\SOVIET.LLB
Mon Oct 31 06:38:57 Loaded file d:\programfiles86\Orcad\Layout_Plus\data\template.imp
Mon Oct 31 06:39:42 Loaded file d:\programfiles86\Orcad\Layout_Plus\library\padstack.llb
Mon Oct 31 06:40:40 Loaded file d:\programfiles86\Orcad\Layout_Plus\library\padstack.llb
Mon Oct 31 06:41:01 Loaded file d:\programfiles86\Orcad\Layout_Plus\library\padstack.llb
Mon Oct 31 06:42:14 Loaded file d:\programfiles86\Orcad\Layout_Plus\library\padstack.llb
Mon Oct 31 06:49:06 Loaded file d:\programfiles86\Orcad\Layout_Plus\data\template.imp
Mon Oct 31 06:49:07 Loaded file d:\programfiles86\Orcad\Layout_Plus\data\template.imp
Mon Oct 31 06:49:32 Loaded file D:\AFILES\STUDENT\TEMP\APDU\SOVIET.LLB
Mon Oct 31 06:49:32 Saved as file D:\AFILES\STUDENT\TEMP\APDU\SOVIET.LLB
Mon Oct 31 06:49:32 Loaded file d:\programfiles86\Orcad\Layout_Plus\data\template.imp
Mon Oct 31 06:55:41 Loaded file d:\programfiles86\Orcad\Layout_Plus\library\padstack.llb
Mon Oct 31 07:01:08 Loaded file d:\programfiles86\Orcad\Layout_Plus\library\padstack.llb
Mon Oct 31 07:03:23 Loaded file d:\programfiles86\Orcad\Layout_Plus\library\padstack.llb
Mon Oct 31 07:07:45 Loaded file d:\programfiles86\Orcad\Layout_Plus\library\padstack.llb
Mon Oct 31 07:17:12 Loaded file d:\programfiles86\Orcad\Layout_Plus\library\padstack.llb
Mon Oct 31 07:17:20 Loaded file d:\programfiles86\Orcad\Layout_Plus\library\padstack.llb
Mon Oct 31 07:21:52 Loaded file D:\AFILES\STUDENT\TEMP\APDU\SOVIET.LLB
Mon Oct 31 07:21:52 Saved as file D:\AFILES\STUDENT\TEMP\APDU\SOVIET.LLB
Mon Oct 31 07:21:52 Loaded file d:\programfiles86\Orcad\Layout_Plus\data\template.imp
Mon Oct 31 07:28:57 Loaded file D:\AFILES\STUDENT\TEMP\APDU\SOVIET.LLB
Mon Oct 31 07:28:57 Saved as file D:\AFILES\STUDENT\TEMP\APDU\SOVIET.LLB
Mon Oct 31 07:28:57 Loaded file d:\programfiles86\Orcad\Layout_Plus\data\template.imp
Mon Oct 31 07:30:16 Loaded file d:\programfiles86\Orcad\Layout_Plus\data\template.imp
Mon Oct 31 07:30:17 Loaded file d:\programfiles86\Orcad\Layout_Plus\data\template.imp
Mon Oct 31 07:30:34 Loaded file D:\AFILES\STUDENT\TEMP\APDU\SOVIET.LLB
Mon Oct 31 07:30:34 Saved as file D:\AFILES\STUDENT\TEMP\APDU\SOVIET.LLB
Mon Oct 31 07:30:37 Loaded file d:\programfiles86\Orcad\Layout_Plus\library\BCON100T.llb
Mon Oct 31 07:30:38 Loaded file D:\AFILES\STUDENT\TEMP\APDU\SOVIET.LLB
Mon Oct 31 07:30:41 Loaded file d:\programfiles86\Orcad\Layout_Plus\data\template.imp
Mon Oct 31 07:32:42 Loaded file D:\AFILES\STUDENT\TEMP\APDU\SOVIET.LLB
Mon Oct 31 07:32:42 Saved as file D:\AFILES\STUDENT\TEMP\APDU\SOVIET.LLB
Mon Oct 31 07:32:42 Loaded file d:\programfiles86\Orcad\Layout_Plus\data\template.imp
Mon Oct 31 07:32:46 Loaded file D:\AFILES\STUDENT\TEMP\APDU\SOVIET.LLB
Mon Oct 31 07:32:46 Saved as file D:\AFILES\STUDENT\TEMP\APDU\SOVIET.LLB
Mon Oct 31 07:32:46 Loaded file d:\programfiles86\Orcad\Layout_Plus\data\template.imp
Mon Oct 31 07:32:47 Loaded file d:\programfiles86\Orcad\Layout_Plus\data\template.imp
Mon Oct 31 07:35:03 Loaded file D:\AFILES\STUDENT\TEMP\APDU\SOVIET.LLB
Mon Oct 31 07:35:03 Saved as file D:\AFILES\STUDENT\TEMP\APDU\SOVIET.LLB
Mon Oct 31 07:35:05 Loaded file d:\programfiles86\Orcad\Layout_Plus\data\template.imp
Mon Oct 31 07:35:11 Loaded file d:\programfiles86\Orcad\Layout_Plus\data\template.imp
Mon Oct 31 07:35:12 Loaded file d:\programfiles86\Orcad\Layout_Plus\data\template.imp
Mon Oct 31 07:35:14 Loaded file d:\programfiles86\Orcad\Layout_Plus\data\template.imp
Mon Oct 31 07:35:15 Loaded file d:\programfiles86\Orcad\Layout_Plus\data\template.imp
Mon Oct 31 07:35:16 Loaded file d:\programfiles86\Orcad\Layout_Plus\data\template.imp
Mon Oct 31 07:35:17 Loaded file d:\programfiles86\Orcad\Layout_Plus\data\template.imp
Mon Oct 31 07:35:43 Saved as file BACKUP1.MAX
Mon Oct 31 07:35:51 Loaded file d:\programfiles86\Orcad\Layout_Plus\data\template.imp
Mon Oct 31 07:35:51 Loaded file d:\programfiles86\Orcad\Layout_Plus\data\template.imp
Mon Oct 31 07:35:51 Loaded file d:\programfiles86\Orcad\Layout_Plus\data\template.imp
Mon Oct 31 07:35:51 Loaded file d:\programfiles86\Orcad\Layout_Plus\data\template.imp
Mon Oct 31 07:35:53 Loaded file D:\AFILES\STUDENT\TEMP\APDU\SOVIET.LLB
Mon Oct 31 07:35:55 Loaded file d:\programfiles86\Orcad\Layout_Plus\data\template.imp
Mon Oct 31 07:36:04 Loaded file d:\programfiles86\Orcad\Layout_Plus\data\template.imp
Mon Oct 31 07:36:04 Loaded file d:\programfiles86\Orcad\Layout_Plus\data\template.imp
Mon Oct 31 07:36:04 Loaded file d:\programfiles86\Orcad\Layout_Plus\data\template.imp
Mon Oct 31 07:36:04 Loaded file d:\programfiles86\Orcad\Layout_Plus\data\template.imp
Mon Oct 31 07:36:06 Loaded file D:\AFILES\STUDENT\TEMP\APDU\SOVIET.LLB
Mon Oct 31 07:36:08 Loaded file d:\programfiles86\Orcad\Layout_Plus\data\template.imp
Mon Oct 31 07:36:32 Loaded file d:\programfiles86\Orcad\Layout_Plus\data\template.imp
Mon Oct 31 07:36:32 Loaded file d:\programfiles86\Orcad\Layout_Plus\data\template.imp
Mon Oct 31 07:36:32 Loaded file d:\programfiles86\Orcad\Layout_Plus\data\template.imp
Mon Oct 31 07:36:32 Loaded file d:\programfiles86\Orcad\Layout_Plus\data\template.imp
Mon Oct 31 07:36:34 Loaded file D:\AFILES\STUDENT\TEMP\APDU\SOVIET.LLB
Mon Oct 31 07:36:37 Loaded file d:\programfiles86\Orcad\Layout_Plus\data\template.imp
Mon Oct 31 07:38:28 Loaded file d:\programfiles86\Orcad\Layout_Plus\data\template.imp
Mon Oct 31 07:38:28 Loaded file d:\programfiles86\Orcad\Layout_Plus\data\template.imp
Mon Oct 31 07:38:28 Loaded file d:\programfiles86\Orcad\Layout_Plus\data\template.imp
Mon Oct 31 07:38:28 Loaded file d:\programfiles86\Orcad\Layout_Plus\data\template.imp
Mon Oct 31 07:38:30 Loaded file d:\programfiles86\Orcad\Layout_Plus\data\template.imp
Mon Oct 31 07:38:31 Loaded file d:\programfiles86\Orcad\Layout_Plus\data\template.imp
Mon Oct 31 07:38:34 Loaded file D:\AFILES\STUDENT\TEMP\APDU\SOVIET.LLB
Mon Oct 31 07:38:35 Loaded file d:\programfiles86\Orcad\Layout_Plus\data\template.imp
Mon Oct 31 07:39:14 Loaded file d:\programfiles86\Orcad\Layout_Plus\data\template.imp
Mon Oct 31 07:39:14 Loaded file d:\programfiles86\Orcad\Layout_Plus\data\template.imp
Mon Oct 31 07:39:14 Loaded file d:\programfiles86\Orcad\Layout_Plus\data\template.imp
Mon Oct 31 07:39:15 Loaded file d:\programfiles86\Orcad\Layout_Plus\data\template.imp
Mon Oct 31 07:39:19 Loaded file D:\AFILES\STUDENT\TEMP\APDU\SOVIET.LLB
Mon Oct 31 07:39:24 Loaded file d:\programfiles86\Orcad\Layout_Plus\data\template.imp
Mon Oct 31 07:39:32 Saved as file D:\AFILES\STUDENT\TEMP\APDU\PROJECT.MAX
Mon Oct 31 07:39:37 Loaded file d:\programfiles86\Orcad\Layout_Plus\data\template.imp
Mon Oct 31 07:39:37 Loaded file d:\programfiles86\Orcad\Layout_Plus\data\template.imp
Mon Oct 31 07:41:00 Loaded file d:\programfiles86\Orcad\Layout_Plus\data\template.imp
Mon Oct 31 07:41:00 Loaded file d:\programfiles86\Orcad\Layout_Plus\data\template.imp
Mon Oct 31 07:41:02 Loaded file D:\AFILES\STUDENT\TEMP\APDU\SOVIET.LLB
Mon Oct 31 07:41:04 Loaded file d:\programfiles86\Orcad\Layout_Plus\data\template.imp
Mon Oct 31 07:42:25 Loaded file d:\programfiles86\Orcad\Layout_Plus\data\template.imp
Mon Oct 31 07:42:25 Loaded file d:\programfiles86\Orcad\Layout_Plus\data\template.imp
Mon Oct 31 07:42:36 Loaded file d:\programfiles86\Orcad\Layout_Plus\library\CLCC.llb
Mon Oct 31 07:42:45 Loaded file d:\programfiles86\Orcad\Layout_Plus\data\template.imp
Mon Oct 31 07:43:43 Loaded file D:\AFILES\STUDENT\TEMP\APDU\SOVIET.LLB
Mon Oct 31 07:43:43 Saved as file D:\AFILES\STUDENT\TEMP\APDU\SOVIET.LLB
Mon Oct 31 07:43:45 Loaded file d:\programfiles86\Orcad\Layout_Plus\library\BCON156T.llb
Mon Oct 31 07:43:47 Loaded file D:\AFILES\STUDENT\TEMP\APDU\SOVIET.LLB
Mon Oct 31 07:43:49 Loaded file d:\programfiles86\Orcad\Layout_Plus\data\template.imp
Mon Oct 31 07:44:00 Loaded file d:\programfiles86\Orcad\Layout_Plus\data\template.imp
Mon Oct 31 07:44:01 Loaded file d:\programfiles86\Orcad\Layout_Plus\data\template.imp
Mon Oct 31 07:49:08 Loaded file D:\AFILES\STUDENT\TEMP\APDU\SOVIET.LLB
Mon Oct 31 07:49:08 Saved as file D:\AFILES\STUDENT\TEMP\APDU\SOVIET.LLB
Mon Oct 31 07:49:08 Loaded file d:\programfiles86\Orcad\Layout_Plus\data\template.imp
Mon Oct 31 07:49:11 Loaded file d:\programfiles86\Orcad\Layout_Plus\data\template.imp
Mon Oct 31 07:50:56 Loaded file D:\AFILES\STUDENT\TEMP\APDU\SOVIET.LLB
Mon Oct 31 07:50:56 Saved as file D:\AFILES\STUDENT\TEMP\APDU\SOVIET.LLB
Mon Oct 31 07:50:56 Loaded file d:\programfiles86\Orcad\Layout_Plus\data\template.imp
Mon Oct 31 07:50:57 Loaded file d:\programfiles86\Orcad\Layout_Plus\data\template.imp
Mon Oct 31 07:55:15 Loaded file d:\programfiles86\Orcad\Layout_Plus\library\padstack.llb
Mon Oct 31 07:55:20 Loaded file d:\programfiles86\Orcad\Layout_Plus\library\padstack.llb
Mon Oct 31 07:55:23 Loaded file d:\programfiles86\Orcad\Layout_Plus\library\padstack.llb
Mon Oct 31 07:55:26 Loaded file d:\programfiles86\Orcad\Layout_Plus\library\padstack.llb
Mon Oct 31 07:55:28 Loaded file d:\programfiles86\Orcad\Layout_Plus\library\padstack.llb
Mon Oct 31 07:55:31 Loaded file d:\programfiles86\Orcad\Layout_Plus\library\padstack.llb
Mon Oct 31 07:59:46 Loaded file D:\AFILES\STUDENT\TEMP\APDU\SOVIET.LLB
Mon Oct 31 07:59:46 Saved as file D:\AFILES\STUDENT\TEMP\APDU\SOVIET.LLB
Mon Oct 31 07:59:46 Loaded file d:\programfiles86\Orcad\Layout_Plus\data\template.imp
Mon Oct 31 07:59:47 Loaded file d:\programfiles86\Orcad\Layout_Plus\data\template.imp
Mon Oct 31 08:04:09 Loaded file D:\AFILES\STUDENT\TEMP\APDU\SOVIET.LLB
Mon Oct 31 08:04:09 Saved as file D:\AFILES\STUDENT\TEMP\APDU\SOVIET.LLB
Mon Oct 31 08:04:09 Loaded file d:\programfiles86\Orcad\Layout_Plus\data\template.imp
Mon Oct 31 08:04:11 Loaded file d:\programfiles86\Orcad\Layout_Plus\data\template.imp
Mon Oct 31 08:04:42 Loaded file D:\AFILES\STUDENT\TEMP\APDU\SOVIET.LLB
Mon Oct 31 08:04:42 Saved as file D:\AFILES\STUDENT\TEMP\APDU\SOVIET.LLB
Mon Oct 31 08:04:42 Loaded file d:\programfiles86\Orcad\Layout_Plus\data\template.imp
Mon Oct 31 08:04:43 Loaded file d:\programfiles86\Orcad\Layout_Plus\data\template.imp
Mon Oct 31 08:05:45 Loaded file D:\AFILES\STUDENT\TEMP\APDU\SOVIET.LLB
Mon Oct 31 08:05:45 Saved as file D:\AFILES\STUDENT\TEMP\APDU\SOVIET.LLB
Mon Oct 31 08:05:45 Loaded file d:\programfiles86\Orcad\Layout_Plus\data\template.imp
Mon Oct 31 08:05:46 Loaded file d:\programfiles86\Orcad\Layout_Plus\data\template.imp
Mon Oct 31 08:06:27 Loaded file D:\AFILES\STUDENT\TEMP\APDU\SOVIET.LLB
Mon Oct 31 08:06:27 Saved as file D:\AFILES\STUDENT\TEMP\APDU\SOVIET.LLB
Mon Oct 31 08:06:27 Loaded file d:\programfiles86\Orcad\Layout_Plus\data\template.imp
Mon Oct 31 08:06:34 Loaded file d:\programfiles86\Orcad\Layout_Plus\data\template.imp
Mon Oct 31 08:06:37 Loaded file d:\programfiles86\Orcad\Layout_Plus\data\template.imp
Mon Oct 31 08:06:39 Loaded file d:\programfiles86\Orcad\Layout_Plus\data\template.imp
Mon Oct 31 08:06:40 Loaded file d:\programfiles86\Orcad\Layout_Plus\data\template.imp
Mon Oct 31 08:06:43 Loaded file d:\programfiles86\Orcad\Layout_Plus\data\template.imp
Mon Oct 31 08:06:46 Loaded file d:\programfiles86\Orcad\Layout_Plus\data\template.imp
Mon Oct 31 08:07:13 Saved as file BACKUP1.MAX
Mon Oct 31 08:08:26 Loaded file d:\programfiles86\Orcad\Layout_Plus\data\template.imp
Mon Oct 31 08:08:26 Loaded file d:\programfiles86\Orcad\Layout_Plus\data\template.imp
Mon Oct 31 08:08:26 Loaded file d:\programfiles86\Orcad\Layout_Plus\data\template.imp
Mon Oct 31 08:08:26 Loaded file d:\programfiles86\Orcad\Layout_Plus\data\template.imp
Mon Oct 31 08:08:28 Loaded file D:\AFILES\STUDENT\TEMP\APDU\SOVIET.LLB
Mon Oct 31 08:08:29 Loaded file d:\programfiles86\Orcad\Layout_Plus\data\template.imp
Mon Oct 31 08:08:37 Loaded file d:\programfiles86\Orcad\Layout_Plus\data\template.imp
Mon Oct 31 08:08:37 Loaded file d:\programfiles86\Orcad\Layout_Plus\data\template.imp
Mon Oct 31 08:08:37 Loaded file d:\programfiles86\Orcad\Layout_Plus\data\template.imp
Mon Oct 31 08:08:37 Loaded file d:\programfiles86\Orcad\Layout_Plus\data\template.imp
Mon Oct 31 08:08:38 Loaded file D:\AFILES\STUDENT\TEMP\APDU\SOVIET.LLB
Mon Oct 31 08:08:39 Loaded file d:\programfiles86\Orcad\Layout_Plus\data\template.imp
Mon Oct 31 08:08:51 Loaded file d:\programfiles86\Orcad\Layout_Plus\data\template.imp
Mon Oct 31 08:08:51 Loaded file d:\programfiles86\Orcad\Layout_Plus\data\template.imp
Mon Oct 31 08:08:51 Loaded file d:\programfiles86\Orcad\Layout_Plus\data\template.imp
Mon Oct 31 08:08:51 Loaded file d:\programfiles86\Orcad\Layout_Plus\data\template.imp
Mon Oct 31 08:08:52 Loaded file D:\AFILES\STUDENT\TEMP\APDU\SOVIET.LLB
Mon Oct 31 08:08:53 Loaded file d:\programfiles86\Orcad\Layout_Plus\data\template.imp
Mon Oct 31 08:09:01 Loaded file d:\programfiles86\Orcad\Layout_Plus\data\template.imp
Mon Oct 31 08:09:01 Loaded file d:\programfiles86\Orcad\Layout_Plus\data\template.imp
Mon Oct 31 08:09:01 Loaded file d:\programfiles86\Orcad\Layout_Plus\data\template.imp
Mon Oct 31 08:09:01 Loaded file d:\programfiles86\Orcad\Layout_Plus\data\template.imp
Mon Oct 31 08:09:02 Loaded file D:\AFILES\STUDENT\TEMP\APDU\SOVIET.LLB
Mon Oct 31 08:09:04 Loaded file d:\programfiles86\Orcad\Layout_Plus\data\template.imp
Mon Oct 31 08:09:18 Loaded file d:\programfiles86\Orcad\Layout_Plus\data\template.imp
Mon Oct 31 08:09:18 Loaded file d:\programfiles86\Orcad\Layout_Plus\data\template.imp
Mon Oct 31 08:09:18 Loaded file d:\programfiles86\Orcad\Layout_Plus\data\template.imp
Mon Oct 31 08:09:18 Loaded file d:\programfiles86\Orcad\Layout_Plus\data\template.imp
Mon Oct 31 08:09:21 Loaded file D:\AFILES\STUDENT\TEMP\APDU\SOVIET.LLB
Mon Oct 31 08:09:22 Loaded file d:\programfiles86\Orcad\Layout_Plus\data\template.imp
Mon Oct 31 08:09:28 Loaded file d:\programfiles86\Orcad\Layout_Plus\data\template.imp
Mon Oct 31 08:09:28 Loaded file d:\programfiles86\Orcad\Layout_Plus\data\template.imp
Mon Oct 31 08:09:57 Loaded file d:\programfiles86\Orcad\Layout_Plus\data\template.imp
Mon Oct 31 08:09:57 Loaded file d:\programfiles86\Orcad\Layout_Plus\data\template.imp
Mon Oct 31 08:09:57 Loaded file d:\programfiles86\Orcad\Layout_Plus\data\template.imp
Mon Oct 31 08:09:57 Loaded file d:\programfiles86\Orcad\Layout_Plus\data\template.imp
Mon Oct 31 08:09:58 Loaded file D:\AFILES\STUDENT\TEMP\APDU\SOVIET.LLB
Mon Oct 31 08:10:02 Loaded file d:\programfiles86\Orcad\Layout_Plus\data\template.imp
Mon Oct 31 08:10:03 Loaded file d:\programfiles86\Orcad\Layout_Plus\data\template.imp
Mon Oct 31 08:10:05 Loaded file d:\programfiles86\Orcad\Layout_Plus\data\template.imp
Mon Oct 31 08:10:05 Loaded file d:\programfiles86\Orcad\Layout_Plus\data\template.imp
Mon Oct 31 08:10:14 Loaded file d:\programfiles86\Orcad\Layout_Plus\data\template.imp
Mon Oct 31 08:10:14 Loaded file d:\programfiles86\Orcad\Layout_Plus\data\template.imp
Mon Oct 31 08:11:06 Loaded file d:\programfiles86\Orcad\Layout_Plus\data\template.imp
Mon Oct 31 08:11:06 Loaded file d:\programfiles86\Orcad\Layout_Plus\data\template.imp
Mon Oct 31 08:11:08 Loaded file D:\AFILES\STUDENT\TEMP\APDU\SOVIET.LLB
Mon Oct 31 08:11:09 Loaded file d:\programfiles86\Orcad\Layout_Plus\data\template.imp
Mon Oct 31 08:12:35 Loaded file d:\programfiles86\Orcad\Layout_Plus\data\template.imp
Mon Oct 31 08:12:35 Loaded file d:\programfiles86\Orcad\Layout_Plus\data\template.imp
Mon Oct 31 08:12:37 Loaded file D:\AFILES\STUDENT\TEMP\APDU\SOVIET.LLB
Mon Oct 31 08:12:38 Loaded file d:\programfiles86\Orcad\Layout_Plus\data\template.imp
Mon Oct 31 08:13:13 Loaded file d:\programfiles86\Orcad\Layout_Plus\data\template.imp
Mon Oct 31 08:13:13 Loaded file d:\programfiles86\Orcad\Layout_Plus\data\template.imp
Mon Oct 31 08:13:15 Loaded file D:\AFILES\STUDENT\TEMP\APDU\SOVIET.LLB
Mon Oct 31 08:13:16 Loaded file d:\programfiles86\Orcad\Layout_Plus\data\template.imp
Mon Oct 31 08:13:30 Loaded file d:\programfiles86\Orcad\Layout_Plus\data\template.imp
Mon Oct 31 08:13:30 Loaded file d:\programfiles86\Orcad\Layout_Plus\data\template.imp
Mon Oct 31 08:14:27 Loaded file d:\programfiles86\Orcad\Layout_Plus\data\template.imp
Mon Oct 31 08:14:27 Loaded file d:\programfiles86\Orcad\Layout_Plus\data\template.imp
Mon Oct 31 08:14:28 Loaded file D:\AFILES\STUDENT\TEMP\APDU\SOVIET.LLB
Mon Oct 31 08:14:29 Loaded file d:\programfiles86\Orcad\Layout_Plus\data\template.imp
Mon Oct 31 08:14:52 Loaded file d:\programfiles86\Orcad\Layout_Plus\library\BCON100T.llb
Mon Oct 31 08:14:54 Loaded file d:\programfiles86\Orcad\Layout_Plus\data\template.imp
Mon Oct 31 08:14:55 Loaded file d:\programfiles86\Orcad\Layout_Plus\data\template.imp
Mon Oct 31 08:14:56 Loaded file d:\programfiles86\Orcad\Layout_Plus\data\template.imp
Mon Oct 31 08:15:08 Loaded file d:\programfiles86\Orcad\Layout_Plus\data\template.imp
Mon Oct 31 08:15:09 Loaded file d:\programfiles86\Orcad\Layout_Plus\data\template.imp
Mon Oct 31 08:15:09 Loaded file d:\programfiles86\Orcad\Layout_Plus\data\template.imp
Mon Oct 31 08:15:09 Loaded file d:\programfiles86\Orcad\Layout_Plus\data\template.imp
Mon Oct 31 08:15:10 Loaded file d:\programfiles86\Orcad\Layout_Plus\data\template.imp
Mon Oct 31 08:15:10 Loaded file d:\programfiles86\Orcad\Layout_Plus\data\template.imp
Mon Oct 31 08:15:11 Loaded file d:\programfiles86\Orcad\Layout_Plus\data\template.imp
Mon Oct 31 08:15:11 Loaded file d:\programfiles86\Orcad\Layout_Plus\data\template.imp
Mon Oct 31 08:15:11 Loaded file d:\programfiles86\Orcad\Layout_Plus\data\template.imp
Mon Oct 31 08:15:12 Loaded file d:\programfiles86\Orcad\Layout_Plus\data\template.imp
Mon Oct 31 08:15:12 Loaded file d:\programfiles86\Orcad\Layout_Plus\data\template.imp
Mon Oct 31 08:15:12 Loaded file d:\programfiles86\Orcad\Layout_Plus\data\template.imp
Mon Oct 31 08:15:12 Loaded file d:\programfiles86\Orcad\Layout_Plus\data\template.imp
Mon Oct 31 08:15:13 Loaded file d:\programfiles86\Orcad\Layout_Plus\data\template.imp
Mon Oct 31 08:15:13 Loaded file d:\programfiles86\Orcad\Layout_Plus\data\template.imp
Mon Oct 31 08:15:13 Loaded file d:\programfiles86\Orcad\Layout_Plus\data\template.imp
Mon Oct 31 08:15:14 Loaded file d:\programfiles86\Orcad\Layout_Plus\data\template.imp
Mon Oct 31 08:15:15 Loaded file d:\programfiles86\Orcad\Layout_Plus\data\template.imp
Mon Oct 31 08:15:15 Loaded file d:\programfiles86\Orcad\Layout_Plus\data\template.imp
Mon Oct 31 08:15:15 Loaded file d:\programfiles86\Orcad\Layout_Plus\data\template.imp
Mon Oct 31 08:15:15 Loaded file d:\programfiles86\Orcad\Layout_Plus\data\template.imp
Mon Oct 31 08:15:16 Loaded file d:\programfiles86\Orcad\Layout_Plus\data\template.imp
Mon Oct 31 08:15:16 Loaded file d:\programfiles86\Orcad\Layout_Plus\data\template.imp
Mon Oct 31 08:15:16 Loaded file d:\programfiles86\Orcad\Layout_Plus\data\template.imp
Mon Oct 31 08:15:16 Loaded file d:\programfiles86\Orcad\Layout_Plus\data\template.imp
Mon Oct 31 08:15:17 Loaded file d:\programfiles86\Orcad\Layout_Plus\data\template.imp
Mon Oct 31 08:15:27 Loaded file D:\AFILES\STUDENT\TEMP\APDU\SOVIET.LLB
Mon Oct 31 08:15:27 Saved as file D:\AFILES\STUDENT\TEMP\APDU\SOVIET.LLB
Mon Oct 31 08:15:29 Loaded file D:\AFILES\STUDENT\TEMP\APDU\SOVIET.LLB
Mon Oct 31 08:15:30 Loaded file d:\programfiles86\Orcad\Layout_Plus\data\template.imp
Mon Oct 31 08:15:32 Loaded file d:\programfiles86\Orcad\Layout_Plus\data\template.imp
Mon Oct 31 08:15:32 Loaded file d:\programfiles86\Orcad\Layout_Plus\data\template.imp
Mon Oct 31 08:15:34 Loaded file d:\programfiles86\Orcad\Layout_Plus\data\template.imp
Mon Oct 31 08:15:39 Loaded file D:\AFILES\STUDENT\TEMP\APDU\SOVIET.LLB
Mon Oct 31 08:15:39 Saved as file D:\AFILES\STUDENT\TEMP\APDU\SOVIET.LLB
Mon Oct 31 08:15:39 Loaded file d:\programfiles86\Orcad\Layout_Plus\data\template.imp
Mon Oct 31 08:15:42 Loaded file d:\programfiles86\Orcad\Layout_Plus\data\template.imp
Mon Oct 31 08:15:51 Loaded file D:\AFILES\STUDENT\TEMP\APDU\SOVIET.LLB
Mon Oct 31 08:15:51 Saved as file D:\AFILES\STUDENT\TEMP\APDU\SOVIET.LLB
Mon Oct 31 08:15:54 Loaded file d:\programfiles86\Orcad\Layout_Plus\library\BCON100T.llb
Mon Oct 31 08:15:55 Loaded file D:\AFILES\STUDENT\TEMP\APDU\SOVIET.LLB
Mon Oct 31 08:15:56 Loaded file d:\programfiles86\Orcad\Layout_Plus\data\template.imp
Mon Oct 31 08:15:59 Loaded file D:\AFILES\STUDENT\TEMP\APDU\SOVIET.LLB
Mon Oct 31 08:15:59 Saved as file D:\AFILES\STUDENT\TEMP\APDU\SOVIET.LLB
Mon Oct 31 08:15:59 Loaded file d:\programfiles86\Orcad\Layout_Plus\data\template.imp
Mon Oct 31 08:16:00 Loaded file d:\programfiles86\Orcad\Layout_Plus\data\template.imp
Mon Oct 31 08:16:16 Loaded file d:\programfiles86\Orcad\Layout_Plus\data\template.imp
Mon Oct 31 08:16:16 Loaded file d:\programfiles86\Orcad\Layout_Plus\data\template.imp
Mon Oct 31 08:16:16 Loaded file d:\programfiles86\Orcad\Layout_Plus\data\template.imp
Mon Oct 31 08:16:16 Loaded file d:\programfiles86\Orcad\Layout_Plus\data\template.imp
Mon Oct 31 08:16:18 Loaded file D:\AFILES\STUDENT\TEMP\APDU\SOVIET.LLB
Mon Oct 31 08:16:19 Loaded file d:\programfiles86\Orcad\Layout_Plus\data\template.imp
Mon Oct 31 08:16:35 Loaded file d:\programfiles86\Orcad\Layout_Plus\data\template.imp
Mon Oct 31 08:16:35 Loaded file d:\programfiles86\Orcad\Layout_Plus\data\template.imp
Mon Oct 31 08:19:02 Loaded file d:\programfiles86\Orcad\Layout_Plus\data\template.imp
Mon Oct 31 08:19:02 Loaded file d:\programfiles86\Orcad\Layout_Plus\data\template.imp
Mon Oct 31 08:19:03 Loaded file D:\AFILES\STUDENT\TEMP\APDU\SOVIET.LLB
Mon Oct 31 08:19:06 Loaded file d:\programfiles86\Orcad\Layout_Plus\data\template.imp
Mon Oct 31 08:19:14 Loaded file d:\programfiles86\Orcad\Layout_Plus\data\template.imp
Mon Oct 31 08:19:14 Loaded file d:\programfiles86\Orcad\Layout_Plus\data\template.imp
Mon Oct 31 08:19:43 Saved as file BACKUP1.MAX
Mon Oct 31 08:20:05 Loaded file d:\programfiles86\Orcad\Layout_Plus\data\template.imp
Mon Oct 31 08:20:05 Loaded file d:\programfiles86\Orcad\Layout_Plus\data\template.imp
Mon Oct 31 08:20:06 Loaded file D:\AFILES\STUDENT\TEMP\APDU\SOVIET.LLB
Mon Oct 31 08:20:09 Loaded file d:\programfiles86\Orcad\Layout_Plus\data\template.imp
Mon Oct 31 08:20:17 Loaded file d:\programfiles86\Orcad\Layout_Plus\data\template.imp
Mon Oct 31 08:20:17 Loaded file d:\programfiles86\Orcad\Layout_Plus\data\template.imp
Mon Oct 31 08:26:22 Loaded file d:\programfiles86\Orcad\Layout_Plus\data\template.imp
Mon Oct 31 08:26:22 Loaded file d:\programfiles86\Orcad\Layout_Plus\data\template.imp
Mon Oct 31 08:30:13 Saved as file BACKUP1.MAX
Mon Oct 31 08:34:34 Saved as file D:\AFILES\STUDENT\TEMP\APDU\PROJECT.MAX
Mon Oct 31 08:34:43 Saved as file D:\AFILES\STUDENT\TEMP\APDU\PROJECT.MAX
Mon Oct 31 08:38:22 Loaded file d:\programfiles86\Orcad\Layout_Plus\data\template.imp
Mon Oct 31 08:38:22 Loaded file d:\programfiles86\Orcad\Layout_Plus\data\template.imp
Mon Oct 31 08:41:43 Saved as file BACKUP1.MAX
Mon Oct 31 08:42:30 Loaded file d:\programfiles86\Orcad\Layout_Plus\data\template.imp
Mon Oct 31 08:42:30 Loaded file d:\programfiles86\Orcad\Layout_Plus\data\template.imp
Mon Oct 31 08:46:00 Loaded file d:\programfiles86\Orcad\Layout_Plus\data\template.imp
Mon Oct 31 08:46:00 Loaded file d:\programfiles86\Orcad\Layout_Plus\data\template.imp
Mon Oct 31 08:48:52 Loaded file d:\programfiles86\Orcad\Layout_Plus\data\template.imp
Mon Oct 31 08:48:52 Loaded file d:\programfiles86\Orcad\Layout_Plus\data\template.imp
Mon Oct 31 08:50:26 Loaded file d:\programfiles86\Orcad\Layout_Plus\data\template.imp
Mon Oct 31 08:50:26 Loaded file d:\programfiles86\Orcad\Layout_Plus\data\template.imp
Mon Oct 31 08:51:43 Saved as file BACKUP1.MAX
Mon Oct 31 08:56:45 Loaded file d:\programfiles86\Orcad\Layout_Plus\data\template.imp
Mon Oct 31 08:56:45 Loaded file d:\programfiles86\Orcad\Layout_Plus\data\template.imp
Mon Oct 31 08:57:00 Error code 2189.012 (16)
Mon Oct 31 08:57:00 Saved as file Backup0.max
Mon Oct 31 08:57:00 Windows which were open at time of error:
Mon Oct 31 08:57:00 	ActiveWindow: &Route
Mon Oct 31 08:57:00 	Icon: &Components
Mon Oct 31 08:57:00 	Icon: &Nets
Mon Oct 31 08:57:00 	Icon: Post Proces&s
Mon Oct 31 08:57:00 End-of-list
Mon Oct 31 08:57:00 Loaded file BACKUP0.MAX
Mon Oct 31 08:59:31 Loaded file D:\PROGRAMFILES86\ORCAD\LAYOUT_PLUS\data\template.imp
Mon Oct 31 08:59:31 Loaded file D:\PROGRAMFILES86\ORCAD\LAYOUT_PLUS\data\template.imp
Mon Oct 31 09:00:21 Saved as file D:\AFILES\STUDENT\TEMP\APDU\PROJECT.MAX
Mon Oct 31 09:00:49 Loaded file D:\PROGRAMFILES86\ORCAD\LAYOUT_PLUS\data\template.imp
Mon Oct 31 09:00:49 Loaded file D:\PROGRAMFILES86\ORCAD\LAYOUT_PLUS\data\template.imp
Mon Oct 31 09:00:50 Saved as file D:\AFILES\STUDENT\TEMP\APDU\PROJECT.MAX
Mon Oct 31 09:00:51 Saved as file D:\AFILES\STUDENT\TEMP\APDU\PROJECT.MAX
Mon Oct 31 09:04:52 Loaded file D:\PROGRAMFILES86\ORCAD\LAYOUT_PLUS\data\template.imp
Mon Oct 31 09:04:52 Loaded file D:\PROGRAMFILES86\ORCAD\LAYOUT_PLUS\data\template.imp
Mon Oct 31 09:06:01 Loaded file D:\PROGRAMFILES86\ORCAD\LAYOUT_PLUS\data\template.imp
Mon Oct 31 09:06:01 Loaded file D:\PROGRAMFILES86\ORCAD\LAYOUT_PLUS\data\template.imp
Mon Oct 31 09:06:09 Saved as file D:\AFILES\STUDENT\TEMP\APDU\PROJECT.MAX
Mon Oct 31 09:07:12 Saved as file D:\AFILES\STUDENT\TEMP\APDU\PROJECT1.MAX
Mon Oct 31 09:07:30 Saved as file BACKUP1.MAX
Mon Oct 31 09:10:20 Loaded file D:\PROGRAMFILES86\ORCAD\LAYOUT_PLUS\data\template.imp
Mon Oct 31 09:10:20 Loaded file D:\PROGRAMFILES86\ORCAD\LAYOUT_PLUS\data\template.imp
Mon Oct 31 09:15:38 Loaded file D:\PROGRAMFILES86\ORCAD\LAYOUT_PLUS\data\template.imp
Mon Oct 31 09:15:38 Loaded file D:\PROGRAMFILES86\ORCAD\LAYOUT_PLUS\data\template.imp
Mon Oct 31 09:19:43 Loaded file D:\AFILES\STUDENT\TEMP\APDU\BACKUP3.MAX
Mon Oct 31 09:19:54 Loaded file D:\AFILES\STUDENT\TEMP\APDU\BACKUP2.MAX
Mon Oct 31 09:20:01 Loaded file D:\AFILES\STUDENT\TEMP\APDU\BACKUP0.MAX
Mon Oct 31 09:20:30 Saved as file BACKUP1.MAX
Mon Oct 31 09:20:55 Loaded file D:\PROGRAMFILES86\ORCAD\LAYOUT_PLUS\data\template.imp
Mon Oct 31 09:20:55 Loaded file D:\PROGRAMFILES86\ORCAD\LAYOUT_PLUS\data\template.imp
Mon Oct 31 09:21:01 Loaded file D:\PROGRAMFILES86\ORCAD\LAYOUT_PLUS\data\template.imp
Mon Oct 31 09:21:01 Loaded file D:\PROGRAMFILES86\ORCAD\LAYOUT_PLUS\data\template.imp
Mon Oct 31 09:23:59 Saved as file D:\AFILES\STUDENT\TEMP\APDU\BACKUP0.MAX
Mon Oct 31 09:26:32 Loaded file D:\PROGRAMFILES86\ORCAD\LAYOUT_PLUS\data\template.imp
Mon Oct 31 09:26:32 Loaded file D:\PROGRAMFILES86\ORCAD\LAYOUT_PLUS\data\template.imp
Mon Oct 31 09:28:58 Loaded file D:\PROGRAMFILES86\ORCAD\LAYOUT_PLUS\data\template.imp
Mon Oct 31 09:28:58 Loaded file D:\PROGRAMFILES86\ORCAD\LAYOUT_PLUS\data\template.imp
Mon Oct 31 09:31:30 Saved as file BACKUP1.MAX
Mon Oct 31 09:32:34 Loaded file D:\PROGRAMFILES86\ORCAD\LAYOUT_PLUS\data\template.imp
Mon Oct 31 09:32:34 Loaded file D:\PROGRAMFILES86\ORCAD\LAYOUT_PLUS\data\template.imp
Mon Oct 31 09:33:51 Loaded file D:\PROGRAMFILES86\ORCAD\LAYOUT_PLUS\data\template.imp
Mon Oct 31 09:33:51 Loaded file D:\PROGRAMFILES86\ORCAD\LAYOUT_PLUS\data\template.imp
Mon Oct 31 09:34:24 Saved as file D:\AFILES\STUDENT\TEMP\APDU\BACKUP0.MAX
Mon Oct 31 09:38:27 Saved as file D:\AFILES\STUDENT\TEMP\APDU\BACKUP0.MAX
Mon Oct 31 09:41:33 Loaded file D:\PROGRAMFILES86\ORCAD\LAYOUT_PLUS\data\template.imp
Mon Oct 31 09:41:33 Loaded file D:\PROGRAMFILES86\ORCAD\LAYOUT_PLUS\data\template.imp
Mon Oct 31 09:42:00 Saved as file BACKUP1.MAX
Mon Oct 31 09:45:40 Saved as file D:\AFILES\STUDENT\TEMP\APDU\BACKUP0.MAX
Mon Oct 31 09:45:43 Loaded file D:\PROGRAMFILES86\ORCAD\LAYOUT_PLUS\data\template.imp
Mon Oct 31 09:45:43 Loaded file D:\PROGRAMFILES86\ORCAD\LAYOUT_PLUS\data\template.imp
Mon Oct 31 09:49:33 Loaded file D:\PROGRAMFILES86\ORCAD\LAYOUT_PLUS\data\template.imp
Mon Oct 31 09:49:33 Loaded file D:\PROGRAMFILES86\ORCAD\LAYOUT_PLUS\data\template.imp
Mon Oct 31 09:52:30 Saved as file BACKUP1.MAX
Mon Oct 31 09:52:37 Loaded file D:\PROGRAMFILES86\ORCAD\LAYOUT_PLUS\data\template.imp
Mon Oct 31 09:52:37 Loaded file D:\PROGRAMFILES86\ORCAD\LAYOUT_PLUS\data\template.imp
Mon Oct 31 09:53:41 Loaded file D:\PROGRAMFILES86\ORCAD\LAYOUT_PLUS\data\template.imp
Mon Oct 31 09:53:41 Loaded file D:\PROGRAMFILES86\ORCAD\LAYOUT_PLUS\data\template.imp
Mon Oct 31 09:54:12 Loaded file D:\PROGRAMFILES86\ORCAD\LAYOUT_PLUS\data\template.imp
Mon Oct 31 09:54:12 Loaded file D:\PROGRAMFILES86\ORCAD\LAYOUT_PLUS\data\template.imp
Mon Oct 31 09:54:38 Loaded file D:\PROGRAMFILES86\ORCAD\LAYOUT_PLUS\data\template.imp
Mon Oct 31 09:54:38 Loaded file D:\PROGRAMFILES86\ORCAD\LAYOUT_PLUS\data\template.imp
Mon Oct 31 09:56:37 Saved as file D:\AFILES\STUDENT\TEMP\APDU\BACKUP0.MAX
Mon Oct 31 09:56:40 Loaded file D:\PROGRAMFILES86\ORCAD\LAYOUT_PLUS\data\template.imp
Mon Oct 31 09:56:40 Loaded file D:\PROGRAMFILES86\ORCAD\LAYOUT_PLUS\data\template.imp
Mon Oct 31 09:57:08 Loaded file D:\PROGRAMFILES86\ORCAD\LAYOUT_PLUS\data\template.imp
Mon Oct 31 09:57:08 Loaded file D:\PROGRAMFILES86\ORCAD\LAYOUT_PLUS\data\template.imp
Mon Oct 31 09:58:51 Loaded file D:\PROGRAMFILES86\ORCAD\LAYOUT_PLUS\data\template.imp
Mon Oct 31 09:58:51 Loaded file D:\PROGRAMFILES86\ORCAD\LAYOUT_PLUS\data\template.imp
Mon Oct 31 10:00:38 Loaded file D:\PROGRAMFILES86\ORCAD\LAYOUT_PLUS\data\template.imp
Mon Oct 31 10:00:38 Loaded file D:\PROGRAMFILES86\ORCAD\LAYOUT_PLUS\data\template.imp
Mon Oct 31 10:01:09 Loaded file D:\PROGRAMFILES86\ORCAD\LAYOUT_PLUS\data\template.imp
Mon Oct 31 10:01:09 Loaded file D:\PROGRAMFILES86\ORCAD\LAYOUT_PLUS\data\template.imp
Mon Oct 31 10:01:35 Saved as file D:\AFILES\STUDENT\TEMP\APDU\BACKUP0.MAX
Mon Oct 31 10:01:37 Loaded file D:\PROGRAMFILES86\ORCAD\LAYOUT_PLUS\data\template.imp
Mon Oct 31 10:01:37 Loaded file D:\PROGRAMFILES86\ORCAD\LAYOUT_PLUS\data\template.imp
Mon Oct 31 10:03:00 Saved as file BACKUP1.MAX
Mon Oct 31 10:07:56 Loaded file D:\PROGRAMFILES86\ORCAD\LAYOUT_PLUS\data\template.imp
Mon Oct 31 10:07:56 Loaded file D:\PROGRAMFILES86\ORCAD\LAYOUT_PLUS\data\template.imp
Mon Oct 31 10:08:50 Loaded file D:\PROGRAMFILES86\ORCAD\LAYOUT_PLUS\data\template.imp
Mon Oct 31 10:08:50 Loaded file D:\PROGRAMFILES86\ORCAD\LAYOUT_PLUS\data\template.imp
Mon Oct 31 10:09:59 Loaded file D:\PROGRAMFILES86\ORCAD\LAYOUT_PLUS\data\template.imp
Mon Oct 31 10:09:59 Loaded file D:\PROGRAMFILES86\ORCAD\LAYOUT_PLUS\data\template.imp
Mon Oct 31 10:11:29 Loaded file D:\PROGRAMFILES86\ORCAD\LAYOUT_PLUS\data\template.imp
Mon Oct 31 10:11:29 Loaded file D:\PROGRAMFILES86\ORCAD\LAYOUT_PLUS\data\template.imp
Mon Oct 31 10:13:30 Saved as file BACKUP1.MAX
Mon Oct 31 10:24:00 Saved as file BACKUP1.MAX
Mon Oct 31 10:25:18 Loaded file D:\PROGRAMFILES86\ORCAD\LAYOUT_PLUS\data\template.imp
Mon Oct 31 10:25:18 Loaded file D:\PROGRAMFILES86\ORCAD\LAYOUT_PLUS\data\template.imp
Mon Oct 31 10:26:00 Loaded file D:\PROGRAMFILES86\ORCAD\LAYOUT_PLUS\data\template.imp
Mon Oct 31 10:26:00 Loaded file D:\PROGRAMFILES86\ORCAD\LAYOUT_PLUS\data\template.imp
Mon Oct 31 10:26:16 Loaded file D:\PROGRAMFILES86\ORCAD\LAYOUT_PLUS\data\template.imp
Mon Oct 31 10:26:16 Loaded file D:\PROGRAMFILES86\ORCAD\LAYOUT_PLUS\data\template.imp
Mon Oct 31 10:28:25 Loaded file D:\PROGRAMFILES86\ORCAD\LAYOUT_PLUS\data\template.imp
Mon Oct 31 10:28:25 Loaded file D:\PROGRAMFILES86\ORCAD\LAYOUT_PLUS\data\template.imp
Mon Oct 31 10:34:30 Saved as file BACKUP1.MAX
Mon Oct 31 10:35:55 Loaded file D:\PROGRAMFILES86\ORCAD\LAYOUT_PLUS\data\template.imp
Mon Oct 31 10:35:55 Loaded file D:\PROGRAMFILES86\ORCAD\LAYOUT_PLUS\data\template.imp
Mon Oct 31 10:40:11 Loaded file D:\PROGRAMFILES86\ORCAD\LAYOUT_PLUS\data\template.imp
Mon Oct 31 10:40:11 Loaded file D:\PROGRAMFILES86\ORCAD\LAYOUT_PLUS\data\template.imp
Mon Oct 31 10:41:38 Loaded file D:\PROGRAMFILES86\ORCAD\LAYOUT_PLUS\data\template.imp
Mon Oct 31 10:41:38 Loaded file D:\PROGRAMFILES86\ORCAD\LAYOUT_PLUS\data\template.imp
Mon Oct 31 10:42:45 Saved as file D:\AFILES\STUDENT\TEMP\APDU\BACKUP0.MAX
Mon Oct 31 10:43:38 Saved as file D:\AFILES\STUDENT\TEMP\APDU\BACKUP0.MAX
Mon Oct 31 10:45:00 Saved as file BACKUP1.MAX
Mon Oct 31 10:54:23 Loaded file D:\PROGRAMFILES86\ORCAD\LAYOUT_PLUS\data\template.imp
Mon Oct 31 10:54:23 Loaded file D:\PROGRAMFILES86\ORCAD\LAYOUT_PLUS\data\template.imp
Mon Oct 31 10:55:30 Saved as file BACKUP1.MAX
Mon Oct 31 10:57:52 Saved as file D:\AFILES\STUDENT\TEMP\APDU\BACKUP0.MAX
Mon Oct 31 10:58:19 Loaded file D:\AFILES\STUDENT\TEMP\APDU\BACKUP0.MAX
Mon Oct 31 10:58:48 Saved as file D:\AFILES\STUDENT\TEMP\APDU\PROJECT.MAX
