  PID TTY      STAT   TIME COMMAND
 7932 pts/2    S+     0:00 sudo sh p4.8.sh
 7933 pts/2    S+     0:00  \_ sh p4.8.sh
 8154 pts/2    S+     0:00      \_ sh p4.8.p2.sh
 8188 pts/2    S+     0:00          \_ sh p2.2.sh
 8193 pts/2    S+     0:00              \_ ./p2.1.3
 8194 pts/2    S+     0:00                  \_ p2.1.1.ch
 8195 pts/2    S+     0:00                  \_ sh -c ps xf > p2.1.3.z1.log
 8196 pts/2    R+     0:00                      \_ ps xf
 8192 pts/2    S+     0:00 p2.1.1.ch
    2 ?        S      0:00 [kthreadd]
    3 ?        S      0:00  \_ [ksoftirqd/0]
    5 ?        S<     0:00  \_ [kworker/0:0H]
    7 ?        S      0:05  \_ [rcu_sched]
    8 ?        S      0:00  \_ [rcu_bh]
    9 ?        S      0:00  \_ [migration/0]
   10 ?        S      0:00  \_ [watchdog/0]
   11 ?        S      0:00  \_ [watchdog/1]
   12 ?        S      0:00  \_ [migration/1]
   13 ?        S      0:00  \_ [ksoftirqd/1]
   15 ?        S<     0:00  \_ [kworker/1:0H]
   16 ?        S      0:00  \_ [watchdog/2]
   17 ?        S      0:00  \_ [migration/2]
   18 ?        S      0:00  \_ [ksoftirqd/2]
   20 ?        S<     0:00  \_ [kworker/2:0H]
   21 ?        S      0:00  \_ [watchdog/3]
   22 ?        S      0:00  \_ [migration/3]
   23 ?        S      0:00  \_ [ksoftirqd/3]
   25 ?        S<     0:00  \_ [kworker/3:0H]
   26 ?        S      0:00  \_ [kdevtmpfs]
   27 ?        S<     0:00  \_ [netns]
   28 ?        S<     0:00  \_ [perf]
   29 ?        S      0:00  \_ [khungtaskd]
   30 ?        S<     0:00  \_ [writeback]
   31 ?        SN     0:00  \_ [ksmd]
   32 ?        SN     0:00  \_ [khugepaged]
   33 ?        S<     0:00  \_ [crypto]
   34 ?        S<     0:00  \_ [kintegrityd]
   35 ?        S<     0:00  \_ [bioset]
   36 ?        S<     0:00  \_ [kblockd]
   37 ?        S<     0:00  \_ [ata_sff]
   38 ?        S<     0:00  \_ [md]
   39 ?        S<     0:00  \_ [devfreq_wq]
   45 ?        S      0:00  \_ [kswapd0]
   46 ?        S<     0:00  \_ [vmstat]
   47 ?        S      0:00  \_ [fsnotify_mark]
   48 ?        S      0:00  \_ [ecryptfs-kthrea]
   64 ?        S<     0:00  \_ [kthrotld]
   65 ?        S<     0:00  \_ [acpi_thermal_pm]
   67 ?        S<     0:00  \_ [bioset]
   68 ?        S<     0:00  \_ [bioset]
   69 ?        S<     0:00  \_ [bioset]
   70 ?        S<     0:00  \_ [bioset]
   71 ?        S<     0:00  \_ [bioset]
   72 ?        S<     0:00  \_ [bioset]
   73 ?        S<     0:00  \_ [bioset]
   74 ?        S<     0:00  \_ [bioset]
   75 ?        S<     0:00  \_ [bioset]
   76 ?        S<     0:00  \_ [bioset]
   77 ?        S<     0:00  \_ [bioset]
   78 ?        S<     0:00  \_ [bioset]
   79 ?        S<     0:00  \_ [bioset]
   80 ?        S<     0:00  \_ [bioset]
   81 ?        S<     0:00  \_ [bioset]
   82 ?        S<     0:00  \_ [bioset]
   83 ?        S<     0:00  \_ [bioset]
   84 ?        S<     0:00  \_ [bioset]
   85 ?        S<     0:00  \_ [bioset]
   86 ?        S<     0:00  \_ [bioset]
   87 ?        S<     0:00  \_ [bioset]
   88 ?        S<     0:00  \_ [bioset]
   89 ?        S<     0:00  \_ [bioset]
   90 ?        S<     0:00  \_ [bioset]
   94 ?        S<     0:00  \_ [ipv6_addrconf]
   95 ?        S      0:04  \_ [kworker/2:2]
  108 ?        S<     0:00  \_ [deferwq]
  109 ?        S<     0:00  \_ [charger_manager]
  301 ?        S      0:00  \_ [scsi_eh_0]
  307 ?        S<     0:00  \_ [scsi_tmf_0]
  309 ?        S      0:00  \_ [scsi_eh_1]
  312 ?        S<     0:00  \_ [scsi_tmf_1]
  313 ?        S      0:00  \_ [scsi_eh_2]
  316 ?        S<     0:00  \_ [scsi_tmf_2]
  322 ?        S      0:00  \_ [scsi_eh_3]
  323 ?        S<     0:00  \_ [scsi_tmf_3]
  324 ?        S<     0:00  \_ [kpsmoused]
  589 ?        S<     0:00  \_ [rtsx_pci_sdmmc_]
  603 ?        S<     0:00  \_ [bioset]
  690 ?        S<     0:00  \_ [kworker/2:1H]
  691 ?        S<     0:00  \_ [kworker/0:1H]
  693 ?        S      0:01  \_ [jbd2/sda1-8]
  694 ?        S<     0:00  \_ [ext4-rsv-conver]
  721 ?        S      0:00  \_ [kauditd]
 1366 ?        S<     0:00  \_ [kmemstick]
 1392 ?        S<     0:00  \_ [kworker/1:1H]
 1403 ?        S<     0:00  \_ [kworker/3:1H]
 1708 ?        S<     0:00  \_ [cfg80211]
 3657 ?        S      0:09  \_ [kworker/0:1]
 3866 ?        S      0:10  \_ [kworker/3:0]
 5117 ?        S      0:00  \_ [kworker/0:2]
 5163 ?        S      0:00  \_ [kworker/3:2]
 5220 ?        S      0:04  \_ [kworker/1:1]
 5648 ?        S      0:07  \_ [kworker/2:0]
 6967 ?        S      0:02  \_ [kworker/1:2]
 7226 ?        S      0:01  \_ [kworker/u8:1]
 7784 ?        S      0:00  \_ [kworker/u8:0]
 7956 ?        S      0:00  \_ [kworker/u8:2]
    1 ?        Ss     0:04 /sbin/init splash
  729 ?        Ss     0:01 /lib/systemd/systemd-journald
  762 ?        Ss     0:01 /lib/systemd/systemd-udevd
 2065 ?        Ss     0:00 /usr/sbin/acpid
 2073 ?        Ssl    0:00 /usr/lib/accountsservice/accounts-daemon
 2081 ?        Ssl    0:00 /usr/sbin/ModemManager
 2096 ?        Ss     0:00 /usr/sbin/cron -f
 2116 ?        Ss     0:00 /lib/systemd/systemd-logind
 2148 ?        Ssl    0:00 /usr/sbin/cups-browsed
 2150 ?        Ssl    0:08 /usr/sbin/NetworkManager --no-daemon
 2339 ?        S      0:00  \_ /sbin/dhclient -d -q -sf /usr/lib/NetworkManager/nm-dhcp-helper -pf /var/run/dhclient-wlp2s0.pid -lf /var/lib/NetworkManager/dhclient-a1be907e-1bbd-4f4c-a4fa-89a06a4b1f04-wlp2s0.lease -cf /var/lib/NetworkManager/dhclient-wlp2s0.conf wlp2s0
 2159 ?        Ssl    0:00 /usr/lib/snapd/snapd
 2173 ?        Ssl    0:00 /usr/lib/policykit-1/polkitd --no-debug
 2183 ?        Ssl    0:00 /usr/sbin/lightdm
 2233 tty7     Ssl+  11:21  \_ /usr/lib/xorg/Xorg -core :0 -seat seat0 -auth /var/run/lightdm/root/:0 -nolisten tcp vt7 -novtswitch
 2281 ?        Sl     0:00  \_ lightdm --session-child 12 15
 2220 ?        Ss     0:01 /sbin/wpa_supplicant -u -s -O /run/wpa_supplicant
 2246 ?        Ss     0:00 /usr/sbin/irqbalance --pid=/var/run/irqbalance.pid
 2267 tty1     Ss+    0:00 /sbin/agetty --noclear tty1 linux
 2654 ?        Ssl    0:00 /usr/lib/upower/upowerd
 2831 ?        Ssl    0:03 /usr/lib/udisks2/udisksd --no-debug
 2875 ?        Sl     0:02 /usr/lib/x86_64-linux-gnu/fwupd/fwupd
