nikita@nikita-pc:~/Desktop$ cat Quartus\ II.desktop [Desktop Entry]
Type=Application
Version=0.9.4
Name=Quartus II 13.1 (64-bit) Web Edition
Comment=Quartus II 13.1 (64-bit)
Icon=/home/nikita/files/software/altera/13.1/quartus/adm/quartusii.png
Exec=/home/nikita/files/software/altera/13.1/quartus/bin/quartus --64bit
Terminal=false
Path=/home/nikita/files/software/altera/13.1
Name[en_US]=Quartus II
nikita@nikita-pc:~/Desktop$ cat files
cat: files: Is a directory
nikita@nikita-pc:~/Desktop$ cat Quartus\ II.desktop gedit.desktop 
[Desktop Entry]
Type=Application
Version=0.9.4
Name=Quartus II 13.1 (64-bit) Web Edition
Comment=Quartus II 13.1 (64-bit)
Icon=/home/nikita/files/software/altera/13.1/quartus/adm/quartusii.png
Exec=/home/nikita/files/software/altera/13.1/quartus/bin/quartus --64bit
Terminal=false
Path=/home/nikita/files/software/altera/13.1
Name[en_US]=Quartus II
#!/usr/bin/env xdg-open
[Desktop Entry]
Name=gedit
GenericName=Text Editor
Comment=Edit text files
Exec=gedit %U
Terminal=false
Type=Application
StartupNotify=true
Icon=accessories-text-editor
Categories=GNOME;GTK;Utility;TextEditor;
X-GNOME-DocPath=gedit/gedit.xml
X-GNOME-FullName=Text Editor
X-GNOME-Bugzilla-Bugzilla=GNOME
X-GNOME-Bugzilla-Product=gedit
X-GNOME-Bugzilla-Component=general
X-GNOME-Bugzilla-Version=3.18.3
X-GNOME-Bugzilla-ExtraInfoScript=/usr/share/gedit/gedit-bugreport
Actions=new-window;new-document;
Keywords=Text;Editor;Plaintext;Write;
X-Ubuntu-Gettext-Domain=gedit

X-AppStream-Ignore=true

[Desktop Action new-window]
Name=Open a New Window
Exec=gedit --new-window

[Desktop Action new-document]
Name=Open a New Document
Exec=gedit --new-document
