nikita@nikita-pc:~$ ps
  PID TTY          TIME CMD
 3274 pts/4    00:00:00 bash
 3294 pts/4    00:00:00 ps
nikita@nikita-pc:~$ ps -A
  PID TTY          TIME CMD
    1 ?        00:00:04 systemd
    2 ?        00:00:00 kthreadd
    3 ?        00:00:00 ksoftirqd/0
    5 ?        00:00:00 kworker/0:0H
    7 ?        00:00:03 rcu_sched
    8 ?        00:00:00 rcu_bh
    9 ?        00:00:00 migration/0
   10 ?        00:00:00 watchdog/0
   11 ?        00:00:00 watchdog/1
   12 ?        00:00:00 migration/1
   ( ... )
 3267 ?        00:00:01 gnome-terminal-
 3274 pts/4    00:00:00 bash
 3295 pts/4    00:00:00 ps
