nikita@nikita-pc:~/temp$ ls -l /usr/bin/ | cut -b24-31 | sort -n | uniq -d
        
       1
       2
       3
       4
       5
       6
       7
       8
       9
      10
      11
      12
      13
      14
      15
      16
      17
      18
      19
      20
      22
      23
      26
      27
      28
      29
      30
      31
      32
      33
      35
      36
      37
      38
      39
      40
      41
      43
      44
      45
      47
      48
      49
      51
      52
      53
      54
      55
      56
      57
      59
      60
      61
      62
      63
      64
      65
      66
      68
      69
      72
      73
      74
      76
      77
      80
      81
      84
      85
      88
      92
      94
     104
     105
     109
     111
     115
     116
     117
     120
     121
     128
     131
     133
     134
     136
     138
     139
     140
     146
     147
     162
     163
     166
     178
     182
     190
     192
     200
     201
     205
     224
     229
     232
     234
     248
     255
     291
     294
     297
     302
     351
     358
     371
     474
     559
     915
    1680
    1907
    4439
