nikita@nikita-pc:~/temp1$ g++ -std=c++11 -static-libgcc -static-libstdc++ -o 10.cpp 10.exe

nikita@nikita-pc:~/temp1$ sudo chmod -R u=rwx,g=,o= tempfolder/
nikita@nikita-pc:~/temp1$ ls -ld tempfolder/
drwx------ 2 nikita nikita 4096 окт 20 11:36 tempfolder/
nikita@nikita-pc:~/temp1$ sudo chmod u=rwx,g=,o= 10.exe
nikita@nikita-pc:~/temp1$ ls -ld 10.exe 
-rwx------ 1 nikita nikita 1227384 окт 20 12:08 10.exe
nikita@nikita-pc:~/temp1$ cat tempfolder/file1
content
nikita@nikita-pc:~/temp1$ ./10.exe tempfolder/file1
content

nikita@nikita-pc:~/temp1$ sudo chmod -R 700 tempfolder/
nikita@nikita-pc:~/temp1$ sudo chmod -R 700 10.exe

nikita@nikita-pc:~/temp1$ sudo useradd bratishka
nikita@nikita-pc:~/temp1$ sudo passwd bratishka
Enter new UNIX password: 
Retype new UNIX password: 
passwd: password updated successfully
nikita@nikita-pc:~/temp1$ sudo su bratishka
bratishka@nikita-pc:/home/nikita/temp1$ cat tempfolder/file1
cat: tempfolder/file1: Permission denied
bratishka@nikita-pc:/home/nikita/temp1$ ./10.exe tempfolder/file1
bash: ./10.exe: Permission denied

nikita@nikita-pc:~/temp1$ sudo chmod u=rwx,g=rx,o=x 10.exe
nikita@nikita-pc:~/temp1$ sudo chmod u+s 10.exe
nikita@nikita-pc:~/temp1$ sudo chmod g+s 10.exe
nikita@nikita-pc:~/temp1$ ls -l 10.exe 
-rwsr-s--x 1 nikita nikita 1227384 окт 20 12:08 10.exe
nikita@nikita-pc:~/temp1$ sudo chmod -R 700 tempfolder/
nikita@nikita-pc:~/temp1$ ls -l tempfolder/
total 8
-rwx------ 1 nikita nikita 8 окт 20 11:39 file1
-rwx------ 1 nikita nikita 8 окт 20 11:36 file2
nikita@nikita-pc:~/temp1$ sudo su bratishka
bratishka@nikita-pc:/home/nikita/temp1$ cat tempfolder/file1
cat: tempfolder/file1: Permission denied
bratishka@nikita-pc:/home/nikita/temp1$ ./10.exe tempfolder/file1
content





